2024-05-24 22:21:32,494 ERROR c.n.c.Database [JavaFX Application Thread] Fail connection.Database 'shopsforflowers_database' on server 'flowersshops' is not currently available.  Please retry the connection later.  If the problem persists, contact customer support, and provide them the session tracing ID of '{68993D7F-12B9-4617-84B6-9AB2D9A6B91E}'. ClientConnectionId:40d13b9e-e64b-4406-85fe-b5b1c29e6ab4
2024-05-24 22:22:22,397 INFO c.n.c.Database [JavaFX Application Thread] Success connection to database.
2024-05-24 22:22:22,620 INFO c.n.c.s.SortFilterflowersDB [JavaFX Application Thread] Get all flowers.
2024-05-24 22:22:22,620 INFO c.n.c.s.SortFilterflowersDB [JavaFX Application Thread] Get all flowers.
2024-05-24 22:22:22,620 INFO c.n.c.s.SortFilterflowersDB [JavaFX Application Thread] Get all flowers.
2024-05-24 22:22:27,677 INFO c.n.c.s.SortFilterflowersDB [JavaFX Application Thread] Get all flowers.
2024-05-24 22:22:27,677 INFO c.n.c.s.SortFilterflowersDB [JavaFX Application Thread] Get all flowers.
2024-05-24 22:22:27,677 INFO c.n.c.s.SortFilterflowersDB [JavaFX Application Thread] Get all flowers.
2024-05-24 22:23:05,756 INFO c.n.c.i.AccessoryDB [JavaFX Application Thread] Insert accessory.
2024-05-24 22:23:05,899 INFO c.n.c.i.AccessoryDB [JavaFX Application Thread] Insert accessory.
2024-05-24 22:23:06,023 INFO c.n.c.i.AccessoryDB [JavaFX Application Thread] Insert accessory.
2024-05-24 22:23:06,142 INFO c.n.c.i.AccessoryDB [JavaFX Application Thread] Insert accessory.
2024-05-24 22:23:06,262 INFO c.n.c.i.AccessoryDB [JavaFX Application Thread] Insert accessory.
2024-05-24 22:23:06,380 INFO c.n.c.i.AccessoryDB [JavaFX Application Thread] Insert accessory. 5elems.
2024-05-24 22:23:10,657 INFO c.n.c.s.SortFilterflowersDB [JavaFX Application Thread] Get all flowers.
2024-05-24 22:23:10,657 INFO c.n.c.s.SortFilterflowersDB [JavaFX Application Thread] Get all flowers.
2024-05-24 22:23:10,657 INFO c.n.c.s.SortFilterflowersDB [JavaFX Application Thread] Get all flowers.
2024-05-24 22:23:15,348 INFO c.n.c.s.SortFilterAccessoriesDB [JavaFX Application Thread] Get all accessory.
2024-05-24 22:23:15,348 INFO c.n.c.s.SortFilterAccessoriesDB [JavaFX Application Thread] Get all accessory.
2024-05-24 22:23:15,348 INFO c.n.c.s.SortFilterAccessoriesDB [JavaFX Application Thread] Get all accessory.
2024-05-24 22:23:15,349 INFO c.n.c.s.SortFilterAccessoriesDB [JavaFX Application Thread] Get all accessory.
2024-05-24 22:23:15,349 INFO c.n.c.s.SortFilterAccessoriesDB [JavaFX Application Thread] Get all accessory.
2024-05-24 22:23:15,349 INFO c.n.c.s.SortFilterAccessoriesDB [JavaFX Application Thread] Get all accessory.
2024-05-24 22:23:15,349 INFO c.n.c.s.SortFilterAccessoriesDB [JavaFX Application Thread] Get all accessory.
2024-05-24 22:23:15,349 INFO c.n.c.s.SortFilterAccessoriesDB [JavaFX Application Thread] Get all accessory.
2024-05-24 22:49:17,318 INFO c.n.c.Database [JavaFX Application Thread] Success connection to database.
2024-05-24 22:49:17,484 INFO c.n.c.s.SortFilterflowersDB [JavaFX Application Thread] Get all flowers.
2024-05-24 22:49:17,484 INFO c.n.c.s.SortFilterflowersDB [JavaFX Application Thread] Get all flowers.
2024-05-24 22:49:17,485 INFO c.n.c.s.SortFilterflowersDB [JavaFX Application Thread] Get all flowers.
2024-05-24 22:49:20,270 INFO c.n.c.s.SortFilterflowersDB [JavaFX Application Thread] Get flowers for fresh.
2024-05-24 22:49:20,270 INFO c.n.c.s.SortFilterflowersDB [JavaFX Application Thread] Get flowers for fresh.
2024-05-24 22:49:20,271 INFO c.n.c.s.SortFilterflowersDB [JavaFX Application Thread] Get flowers for fresh.
2024-05-24 22:49:36,609 INFO c.n.c.s.SortFilterflowersDB [JavaFX Application Thread] Get flowers current type.
2024-05-24 22:49:36,609 INFO c.n.c.s.SortFilterflowersDB [JavaFX Application Thread] Get flowers current type.
2024-05-24 22:49:39,427 INFO c.n.c.s.SortFilterflowersDB [JavaFX Application Thread] Get all flowers.
2024-05-24 22:49:39,427 INFO c.n.c.s.SortFilterflowersDB [JavaFX Application Thread] Get all flowers.
2024-05-24 22:49:39,427 INFO c.n.c.s.SortFilterflowersDB [JavaFX Application Thread] Get all flowers.
2024-05-24 23:43:15,982 INFO c.n.c.Database [JavaFX Application Thread] Success connection to database.
2024-05-24 23:43:16,155 INFO c.n.c.s.SortFilterflowersDB [JavaFX Application Thread] Get all flowers.
2024-05-24 23:43:16,155 INFO c.n.c.s.SortFilterflowersDB [JavaFX Application Thread] Get all flowers.
2024-05-24 23:43:16,155 INFO c.n.c.s.SortFilterflowersDB [JavaFX Application Thread] Get all flowers.
2024-05-24 23:43:23,798 INFO c.n.c.s.SortFilterflowersDB [JavaFX Application Thread] Get flowers current type.
2024-05-24 23:43:23,799 INFO c.n.c.s.SortFilterflowersDB [JavaFX Application Thread] Get flowers current type.
2024-05-24 23:43:42,662 INFO c.n.c.i.flowerDB [JavaFX Application Thread] Insert flower.
2024-05-24 23:43:42,823 INFO c.n.c.i.flowerDB [JavaFX Application Thread] Insert flower.
2024-05-24 23:43:42,944 INFO c.n.c.i.flowerDB [JavaFX Application Thread] Insert flower.
2024-05-24 23:43:43,064 INFO c.n.c.i.flowerDB [JavaFX Application Thread] Insert flower. 3elems.
2024-05-24 23:43:48,513 INFO c.n.c.s.SortFilterflowersDB [JavaFX Application Thread] Get all flowers.
2024-05-24 23:43:48,513 INFO c.n.c.s.SortFilterflowersDB [JavaFX Application Thread] Get all flowers.
2024-05-24 23:43:48,513 INFO c.n.c.s.SortFilterflowersDB [JavaFX Application Thread] Get all flowers.
2024-05-24 23:43:48,513 INFO c.n.c.s.SortFilterflowersDB [JavaFX Application Thread] Get all flowers.
2024-05-24 23:43:48,513 INFO c.n.c.s.SortFilterflowersDB [JavaFX Application Thread] Get all flowers.
2024-05-24 23:43:48,514 INFO c.n.c.s.SortFilterflowersDB [JavaFX Application Thread] Get all flowers.
2024-05-24 23:43:53,129 INFO c.n.c.i.flowerDB [JavaFX Application Thread] Delete flower.
2024-05-24 23:43:53,256 INFO c.n.c.i.flowerDB [JavaFX Application Thread] Delete for filtered flower.
2024-05-25 00:32:54,589 INFO c.n.c.Database [JavaFX Application Thread] Success connection to database.
2024-05-25 00:32:54,763 INFO c.n.c.s.SortFilterflowersDB [JavaFX Application Thread] Get all flowers.
2024-05-25 00:32:54,763 INFO c.n.c.s.SortFilterflowersDB [JavaFX Application Thread] Get all flowers.
2024-05-25 00:32:54,763 INFO c.n.c.s.SortFilterflowersDB [JavaFX Application Thread] Get all flowers.
2024-05-25 00:32:54,763 INFO c.n.c.s.SortFilterflowersDB [JavaFX Application Thread] Get all flowers.
2024-05-25 00:32:54,763 INFO c.n.c.s.SortFilterflowersDB [JavaFX Application Thread] Get all flowers.
2024-05-25 01:20:25,957 INFO c.n.c.Database [JavaFX Application Thread] Success connection to database.
2024-05-25 01:20:26,122 INFO c.n.c.s.SortFilterflowersDB [JavaFX Application Thread] Get all flowers.
2024-05-25 01:20:26,122 INFO c.n.c.s.SortFilterflowersDB [JavaFX Application Thread] Get all flowers.
2024-05-25 01:20:26,123 INFO c.n.c.s.SortFilterflowersDB [JavaFX Application Thread] Get all flowers.
2024-05-25 01:20:26,123 INFO c.n.c.s.SortFilterflowersDB [JavaFX Application Thread] Get all flowers.
2024-05-25 01:20:26,123 INFO c.n.c.s.SortFilterflowersDB [JavaFX Application Thread] Get all flowers.
2024-05-25 01:41:08,374 ERROR c.n.c.Database [JavaFX Application Thread] Fail connection.No suitable driver found for jdbc:sqlsrver://flowersshops.database.windows.net:1433;database=shopsforflowers_database;user=CloudSAe45a4cda@flowersshops;password=testtest123!;encrypt=true;trustServerCertificate=false;hostNameInCertificate=*.database.windows.net;loginTimeout=30;
2024-05-25 01:46:27,720 ERROR c.n.c.Database [JavaFX Application Thread] Fail connection.No suitable driver found for jdbc:sqlsrver://flowersshops.database.windows.net:1433;database=shopsforflowers_database;user=CloudSAe45a4cda@flowersshops;password=testtest123!;encrypt=true;trustServerCertificate=false;hostNameInCertificate=*.database.windows.net;loginTimeout=30;
2024-05-25 01:49:55,828 ERROR c.n.c.Database [JavaFX Application Thread] Fail connection.No suitable driver found for jdbc:sqlsrver://flowersshops.database.windows.net:1433;database=shopsforflowers_database;user=CloudSAe45a4cda@flowersshops;password=testtest123!;encrypt=true;trustServerCertificate=false;hostNameInCertificate=*.database.windows.net;loginTimeout=30;
2024-05-25 14:16:25,112 INFO c.n.c.i.AccessoryDB [main] Get by ID accessory.
2024-05-25 14:16:25,120 INFO c.n.c.i.AccessoryDB [main] Insert accessory.
2024-05-25 14:16:25,120 INFO c.n.c.i.AccessoryDB [main] Insert accessory.
2024-05-25 14:16:25,121 INFO c.n.c.i.AccessoryDB [main] Insert accessory.
2024-05-25 14:16:25,122 INFO c.n.c.i.AccessoryDB [main] Insert accessory.
2024-05-25 14:16:25,122 INFO c.n.c.i.AccessoryDB [main] Insert accessory.
2024-05-25 14:16:25,123 INFO c.n.c.i.AccessoryDB [main] Insert accessory. 5elems.
2024-05-25 14:16:25,125 INFO c.n.c.i.AccessoryDB [main] Delete accessory.
2024-05-25 14:16:25,129 INFO c.n.c.i.AccessoryDB [main] Insert accessory.
2024-05-25 14:17:58,110 INFO c.n.c.i.AccessoryDB [main] Get by ID accessory.
2024-05-25 14:17:58,126 INFO c.n.c.i.AccessoryDB [main] Insert accessory.
2024-05-25 14:17:58,127 INFO c.n.c.i.AccessoryDB [main] Insert accessory.
2024-05-25 14:17:58,129 INFO c.n.c.i.AccessoryDB [main] Insert accessory.
2024-05-25 14:17:58,131 INFO c.n.c.i.AccessoryDB [main] Insert accessory.
2024-05-25 14:17:58,132 INFO c.n.c.i.AccessoryDB [main] Insert accessory.
2024-05-25 14:17:58,132 INFO c.n.c.i.AccessoryDB [main] Insert accessory. 5elems.
2024-05-25 14:17:58,136 INFO c.n.c.i.AccessoryDB [main] Delete accessory.
2024-05-25 14:17:58,144 INFO c.n.c.i.AccessoryDB [main] Insert accessory.
2024-05-25 14:28:19,388 INFO c.n.c.i.AccessoryDB [main] Get by ID accessory.
2024-05-25 14:28:19,399 INFO c.n.c.i.AccessoryDB [main] Insert accessory.
2024-05-25 14:28:19,400 INFO c.n.c.i.AccessoryDB [main] Insert accessory.
2024-05-25 14:28:19,401 INFO c.n.c.i.AccessoryDB [main] Insert accessory.
2024-05-25 14:28:19,402 INFO c.n.c.i.AccessoryDB [main] Insert accessory.
2024-05-25 14:28:19,403 INFO c.n.c.i.AccessoryDB [main] Insert accessory.
2024-05-25 14:28:19,404 INFO c.n.c.i.AccessoryDB [main] Insert accessory. 5elems.
2024-05-25 14:28:19,407 INFO c.n.c.i.AccessoryDB [main] Delete accessory.
2024-05-25 14:28:19,411 INFO c.n.c.i.AccessoryDB [main] Insert accessory.
2024-05-25 14:28:19,448 INFO c.n.c.i.flowerDB [main] Get by ID flower.
2024-05-25 14:28:19,456 INFO c.n.c.i.flowerDB [main] Insert flower.
2024-05-25 14:28:19,457 INFO c.n.c.i.flowerDB [main] Insert flower.
2024-05-25 14:28:19,458 INFO c.n.c.i.flowerDB [main] Insert flower.
2024-05-25 14:28:19,459 INFO c.n.c.i.flowerDB [main] Insert flower.
2024-05-25 14:28:19,459 INFO c.n.c.i.flowerDB [main] Insert flower.
2024-05-25 14:28:19,459 INFO c.n.c.i.flowerDB [main] Insert flower. 5elems.
2024-05-25 14:28:19,462 INFO c.n.c.i.flowerDB [main] Delete flower.
2024-05-25 14:28:19,465 INFO c.n.c.i.flowerDB [main] Insert flower.
2024-05-25 14:31:29,695 INFO c.n.c.i.AccessoryDB [main] Get by ID accessory.
2024-05-25 14:31:29,704 INFO c.n.c.i.AccessoryDB [main] Insert accessory.
2024-05-25 14:31:29,704 INFO c.n.c.i.AccessoryDB [main] Insert accessory.
2024-05-25 14:31:29,705 INFO c.n.c.i.AccessoryDB [main] Insert accessory.
2024-05-25 14:31:29,707 INFO c.n.c.i.AccessoryDB [main] Insert accessory.
2024-05-25 14:31:29,708 INFO c.n.c.i.AccessoryDB [main] Insert accessory.
2024-05-25 14:31:29,708 INFO c.n.c.i.AccessoryDB [main] Insert accessory. 5elems.
2024-05-25 14:31:29,711 INFO c.n.c.i.AccessoryDB [main] Delete accessory.
2024-05-25 14:31:29,715 INFO c.n.c.i.AccessoryDB [main] Insert accessory.
2024-05-25 14:31:29,747 INFO c.n.c.i.flowerDB [main] Get by ID flower.
2024-05-25 14:31:29,751 INFO c.n.c.i.flowerDB [main] Insert flower.
2024-05-25 14:31:29,752 INFO c.n.c.i.flowerDB [main] Insert flower.
2024-05-25 14:31:29,752 INFO c.n.c.i.flowerDB [main] Insert flower.
2024-05-25 14:31:29,753 INFO c.n.c.i.flowerDB [main] Insert flower.
2024-05-25 14:31:29,753 INFO c.n.c.i.flowerDB [main] Insert flower.
2024-05-25 14:31:29,753 INFO c.n.c.i.flowerDB [main] Insert flower. 5elems.
2024-05-25 14:31:29,756 INFO c.n.c.i.flowerDB [main] Delete flower.
2024-05-25 14:31:29,758 INFO c.n.c.i.flowerDB [main] Insert flower.
2024-05-25 14:31:44,959 INFO c.n.c.i.AccessoryDB [main] Get by ID accessory.
2024-05-25 14:31:44,978 INFO c.n.c.i.AccessoryDB [main] Insert accessory.
2024-05-25 14:31:44,980 INFO c.n.c.i.AccessoryDB [main] Insert accessory.
2024-05-25 14:31:44,982 INFO c.n.c.i.AccessoryDB [main] Insert accessory.
2024-05-25 14:31:44,984 INFO c.n.c.i.AccessoryDB [main] Insert accessory.
2024-05-25 14:31:44,984 INFO c.n.c.i.AccessoryDB [main] Insert accessory.
2024-05-25 14:31:44,985 INFO c.n.c.i.AccessoryDB [main] Insert accessory. 5elems.
2024-05-25 14:31:44,989 INFO c.n.c.i.AccessoryDB [main] Delete accessory.
2024-05-25 14:31:44,996 INFO c.n.c.i.AccessoryDB [main] Insert accessory.
2024-05-25 14:31:45,050 INFO c.n.c.i.flowerDB [main] Get by ID flower.
2024-05-25 14:31:45,055 INFO c.n.c.i.flowerDB [main] Insert flower.
2024-05-25 14:31:45,057 INFO c.n.c.i.flowerDB [main] Insert flower.
2024-05-25 14:31:45,057 INFO c.n.c.i.flowerDB [main] Insert flower.
2024-05-25 14:31:45,059 INFO c.n.c.i.flowerDB [main] Insert flower.
2024-05-25 14:31:45,060 INFO c.n.c.i.flowerDB [main] Insert flower.
2024-05-25 14:31:45,060 INFO c.n.c.i.flowerDB [main] Insert flower. 5elems.
2024-05-25 14:31:45,063 INFO c.n.c.i.flowerDB [main] Delete flower.
2024-05-25 14:31:45,067 INFO c.n.c.i.flowerDB [main] Insert flower.
2024-05-25 14:32:17,543 INFO c.n.c.i.AccessoryDB [main] Get by ID accessory.
2024-05-25 14:32:17,552 INFO c.n.c.i.AccessoryDB [main] Insert accessory.
2024-05-25 14:32:17,552 INFO c.n.c.i.AccessoryDB [main] Insert accessory.
2024-05-25 14:32:17,553 INFO c.n.c.i.AccessoryDB [main] Insert accessory.
2024-05-25 14:32:17,554 INFO c.n.c.i.AccessoryDB [main] Insert accessory.
2024-05-25 14:32:17,555 INFO c.n.c.i.AccessoryDB [main] Insert accessory.
2024-05-25 14:32:17,556 INFO c.n.c.i.AccessoryDB [main] Insert accessory. 5elems.
2024-05-25 14:32:17,558 INFO c.n.c.i.AccessoryDB [main] Delete accessory.
2024-05-25 14:32:17,563 INFO c.n.c.i.AccessoryDB [main] Insert accessory.
2024-05-25 14:32:17,599 INFO c.n.c.i.flowerDB [main] Get by ID flower.
2024-05-25 14:32:17,602 INFO c.n.c.i.flowerDB [main] Insert flower.
2024-05-25 14:32:17,603 INFO c.n.c.i.flowerDB [main] Insert flower.
2024-05-25 14:32:17,603 INFO c.n.c.i.flowerDB [main] Insert flower.
2024-05-25 14:32:17,604 INFO c.n.c.i.flowerDB [main] Insert flower.
2024-05-25 14:32:17,604 INFO c.n.c.i.flowerDB [main] Insert flower.
2024-05-25 14:32:17,605 INFO c.n.c.i.flowerDB [main] Insert flower. 5elems.
2024-05-25 14:32:17,607 INFO c.n.c.i.flowerDB [main] Delete flower.
2024-05-25 14:32:17,610 INFO c.n.c.i.flowerDB [main] Insert flower.
2024-05-25 14:33:18,417 INFO c.n.c.Database [JavaFX Application Thread] Success connection to database.
2024-05-25 14:33:24,788 INFO c.n.c.s.SortFilterflowersDB [JavaFX Application Thread] Get all flowers.
2024-05-25 14:33:24,788 INFO c.n.c.s.SortFilterflowersDB [JavaFX Application Thread] Get all flowers.
2024-05-25 14:33:24,788 INFO c.n.c.s.SortFilterflowersDB [JavaFX Application Thread] Get all flowers.
2024-05-25 14:33:24,788 INFO c.n.c.s.SortFilterflowersDB [JavaFX Application Thread] Get all flowers.
2024-05-25 14:33:24,788 INFO c.n.c.s.SortFilterflowersDB [JavaFX Application Thread] Get all flowers.
2024-05-25 14:33:31,488 INFO c.n.c.s.SortFilterflowersDB [JavaFX Application Thread] Get flowers current type.
2024-05-25 14:33:31,488 INFO c.n.c.s.SortFilterflowersDB [JavaFX Application Thread] Get flowers current type.
2024-05-25 14:33:36,535 INFO c.n.c.s.SortFilterflowersDB [JavaFX Application Thread] Get all flowers.
2024-05-25 14:33:36,535 INFO c.n.c.s.SortFilterflowersDB [JavaFX Application Thread] Get all flowers.
2024-05-25 14:33:36,536 INFO c.n.c.s.SortFilterflowersDB [JavaFX Application Thread] Get all flowers.
2024-05-25 14:33:36,536 INFO c.n.c.s.SortFilterflowersDB [JavaFX Application Thread] Get all flowers.
2024-05-25 14:33:36,536 INFO c.n.c.s.SortFilterflowersDB [JavaFX Application Thread] Get all flowers.
2024-05-25 14:33:52,853 INFO c.n.c.s.SortFilterflowersDB [JavaFX Application Thread] Get flowers in range 10.0 - 25.0price.
2024-05-25 14:34:05,734 INFO c.n.c.s.SortFilterflowersDB [JavaFX Application Thread] Get flowers in range 10.0 - 15.0lenght.
2024-05-25 14:34:07,434 INFO c.n.c.s.SortFilterflowersDB [JavaFX Application Thread] Get all flowers.
2024-05-25 14:34:07,435 INFO c.n.c.s.SortFilterflowersDB [JavaFX Application Thread] Get all flowers.
2024-05-25 14:34:07,435 INFO c.n.c.s.SortFilterflowersDB [JavaFX Application Thread] Get all flowers.
2024-05-25 14:34:07,435 INFO c.n.c.s.SortFilterflowersDB [JavaFX Application Thread] Get all flowers.
2024-05-25 14:34:07,435 INFO c.n.c.s.SortFilterflowersDB [JavaFX Application Thread] Get all flowers.
2024-05-25 14:34:18,870 INFO c.n.c.s.SortFilterflowersDB [JavaFX Application Thread] Get flowers in range 45.0 - 123.0lenght.
2024-05-25 14:34:22,694 INFO c.n.c.s.SortFilterAccessoriesDB [JavaFX Application Thread] Get all accessory.
2024-05-25 14:34:22,694 INFO c.n.c.s.SortFilterAccessoriesDB [JavaFX Application Thread] Get all accessory.
2024-05-25 14:34:22,694 INFO c.n.c.s.SortFilterAccessoriesDB [JavaFX Application Thread] Get all accessory.
2024-05-25 14:34:22,694 INFO c.n.c.s.SortFilterAccessoriesDB [JavaFX Application Thread] Get all accessory.
2024-05-25 14:34:22,694 INFO c.n.c.s.SortFilterAccessoriesDB [JavaFX Application Thread] Get all accessory.
2024-05-25 14:34:22,695 INFO c.n.c.s.SortFilterAccessoriesDB [JavaFX Application Thread] Get all accessory.
2024-05-25 14:34:22,695 INFO c.n.c.s.SortFilterAccessoriesDB [JavaFX Application Thread] Get all accessory.
2024-05-25 14:34:22,695 INFO c.n.c.s.SortFilterAccessoriesDB [JavaFX Application Thread] Get all accessory.
2024-05-25 14:34:25,693 INFO c.n.c.s.SortFilterAccessoriesDB [JavaFX Application Thread] Get accessory current type.
2024-05-25 14:39:58,944 INFO c.n.c.i.AccessoryDB [main] Get by ID accessory.
2024-05-25 14:39:58,952 INFO c.n.c.i.AccessoryDB [main] Insert accessory.
2024-05-25 14:39:58,953 INFO c.n.c.i.AccessoryDB [main] Insert accessory.
2024-05-25 14:39:58,953 INFO c.n.c.i.AccessoryDB [main] Insert accessory.
2024-05-25 14:39:58,954 INFO c.n.c.i.AccessoryDB [main] Insert accessory.
2024-05-25 14:39:58,955 INFO c.n.c.i.AccessoryDB [main] Insert accessory.
2024-05-25 14:39:58,955 INFO c.n.c.i.AccessoryDB [main] Insert accessory. 5elems.
2024-05-25 14:39:58,958 INFO c.n.c.i.AccessoryDB [main] Delete accessory.
2024-05-25 14:39:58,961 INFO c.n.c.i.AccessoryDB [main] Insert accessory.
2024-05-25 14:39:59,122 INFO c.n.c.i.flowerDB [main] Get by ID flower.
2024-05-25 14:39:59,125 INFO c.n.c.i.flowerDB [main] Insert flower.
2024-05-25 14:39:59,126 INFO c.n.c.i.flowerDB [main] Insert flower.
2024-05-25 14:39:59,126 INFO c.n.c.i.flowerDB [main] Insert flower.
2024-05-25 14:39:59,126 INFO c.n.c.i.flowerDB [main] Insert flower.
2024-05-25 14:39:59,127 INFO c.n.c.i.flowerDB [main] Insert flower.
2024-05-25 14:39:59,127 INFO c.n.c.i.flowerDB [main] Insert flower. 5elems.
2024-05-25 14:39:59,129 INFO c.n.c.i.flowerDB [main] Delete flower.
2024-05-25 14:39:59,132 INFO c.n.c.i.flowerDB [main] Insert flower.
2024-05-25 14:42:56,994 INFO c.n.c.i.AccessoryDB [main] Get by ID accessory.
2024-05-25 14:42:57,024 INFO c.n.c.i.AccessoryDB [main] Insert accessory.
2024-05-25 14:42:57,030 INFO c.n.c.i.AccessoryDB [main] Insert accessory.
2024-05-25 14:42:57,035 INFO c.n.c.i.AccessoryDB [main] Insert accessory.
2024-05-25 14:42:57,041 INFO c.n.c.i.AccessoryDB [main] Insert accessory.
2024-05-25 14:42:57,044 INFO c.n.c.i.AccessoryDB [main] Insert accessory.
2024-05-25 14:42:57,046 INFO c.n.c.i.AccessoryDB [main] Insert accessory. 5elems.
2024-05-25 14:42:57,057 INFO c.n.c.i.AccessoryDB [main] Delete accessory.
2024-05-25 14:42:57,074 INFO c.n.c.i.AccessoryDB [main] Insert accessory.
2024-05-25 14:42:57,312 INFO c.n.c.i.flowerDB [main] Get by ID flower.
2024-05-25 14:42:57,326 INFO c.n.c.i.flowerDB [main] Insert flower.
2024-05-25 14:42:57,330 INFO c.n.c.i.flowerDB [main] Insert flower.
2024-05-25 14:42:57,335 INFO c.n.c.i.flowerDB [main] Insert flower.
2024-05-25 14:42:57,339 INFO c.n.c.i.flowerDB [main] Insert flower.
2024-05-25 14:42:57,343 INFO c.n.c.i.flowerDB [main] Insert flower.
2024-05-25 14:42:57,344 INFO c.n.c.i.flowerDB [main] Insert flower. 5elems.
2024-05-25 14:42:57,349 INFO c.n.c.i.flowerDB [main] Delete flower.
2024-05-25 14:42:57,361 INFO c.n.c.i.flowerDB [main] Insert flower.
2024-05-25 14:45:00,203 INFO c.n.c.i.AccessoryDB [main] Get by ID accessory.
2024-05-25 14:45:00,228 INFO c.n.c.i.AccessoryDB [main] Insert accessory.
2024-05-25 14:45:00,233 INFO c.n.c.i.AccessoryDB [main] Insert accessory.
2024-05-25 14:45:00,239 INFO c.n.c.i.AccessoryDB [main] Insert accessory.
2024-05-25 14:45:00,244 INFO c.n.c.i.AccessoryDB [main] Insert accessory.
2024-05-25 14:45:00,248 INFO c.n.c.i.AccessoryDB [main] Insert accessory.
2024-05-25 14:45:00,250 INFO c.n.c.i.AccessoryDB [main] Insert accessory. 5elems.
2024-05-25 14:45:00,260 INFO c.n.c.i.AccessoryDB [main] Delete accessory.
2024-05-25 14:45:00,278 INFO c.n.c.i.AccessoryDB [main] Insert accessory.
2024-05-25 14:45:00,496 INFO c.n.c.i.flowerDB [main] Get by ID flower.
2024-05-25 14:45:00,509 INFO c.n.c.i.flowerDB [main] Insert flower.
2024-05-25 14:45:00,514 INFO c.n.c.i.flowerDB [main] Insert flower.
2024-05-25 14:45:00,518 INFO c.n.c.i.flowerDB [main] Insert flower.
2024-05-25 14:45:00,523 INFO c.n.c.i.flowerDB [main] Insert flower.
2024-05-25 14:45:00,527 INFO c.n.c.i.flowerDB [main] Insert flower.
2024-05-25 14:45:00,529 INFO c.n.c.i.flowerDB [main] Insert flower. 5elems.
2024-05-25 14:45:00,537 INFO c.n.c.i.flowerDB [main] Delete flower.
2024-05-25 14:45:00,551 INFO c.n.c.i.flowerDB [main] Insert flower.
2024-05-25 14:48:21,155 INFO c.n.c.i.AccessoryDB [main] Get by ID accessory.
2024-05-25 14:48:21,182 INFO c.n.c.i.AccessoryDB [main] Insert accessory.
2024-05-25 14:48:21,187 INFO c.n.c.i.AccessoryDB [main] Insert accessory.
2024-05-25 14:48:21,193 INFO c.n.c.i.AccessoryDB [main] Insert accessory.
2024-05-25 14:48:21,198 INFO c.n.c.i.AccessoryDB [main] Insert accessory.
2024-05-25 14:48:21,203 INFO c.n.c.i.AccessoryDB [main] Insert accessory.
2024-05-25 14:48:21,205 INFO c.n.c.i.AccessoryDB [main] Insert accessory. 5elems.
2024-05-25 14:48:21,216 INFO c.n.c.i.AccessoryDB [main] Delete accessory.
2024-05-25 14:48:21,233 INFO c.n.c.i.AccessoryDB [main] Insert accessory.
2024-05-25 14:48:21,453 INFO c.n.c.i.flowerDB [main] Get by ID flower.
2024-05-25 14:48:21,468 INFO c.n.c.i.flowerDB [main] Insert flower.
2024-05-25 14:48:21,473 INFO c.n.c.i.flowerDB [main] Insert flower.
2024-05-25 14:48:21,477 INFO c.n.c.i.flowerDB [main] Insert flower.
2024-05-25 14:48:21,481 INFO c.n.c.i.flowerDB [main] Insert flower.
2024-05-25 14:48:21,485 INFO c.n.c.i.flowerDB [main] Insert flower.
2024-05-25 14:48:21,487 INFO c.n.c.i.flowerDB [main] Insert flower. 5elems.
2024-05-25 14:48:21,495 INFO c.n.c.i.flowerDB [main] Delete flower.
2024-05-25 14:48:21,509 INFO c.n.c.i.flowerDB [main] Insert flower.
2024-05-25 22:38:45,730 INFO c.n.c.i.AccessoryDB [main] Get by ID accessory.
2024-05-25 22:38:45,756 INFO c.n.c.i.AccessoryDB [main] Insert accessory.
2024-05-25 22:38:45,757 INFO c.n.c.i.AccessoryDB [main] Insert accessory.
2024-05-25 22:38:45,759 INFO c.n.c.i.AccessoryDB [main] Insert accessory.
2024-05-25 22:38:45,761 INFO c.n.c.i.AccessoryDB [main] Insert accessory.
2024-05-25 22:38:45,762 INFO c.n.c.i.AccessoryDB [main] Insert accessory.
2024-05-25 22:38:45,762 INFO c.n.c.i.AccessoryDB [main] Insert accessory. 5elems.
2024-05-25 22:38:45,767 INFO c.n.c.i.AccessoryDB [main] Delete accessory.
2024-05-25 22:38:45,773 INFO c.n.c.i.AccessoryDB [main] Insert accessory.
2024-05-25 22:38:46,061 INFO c.n.c.i.flowerDB [main] Get by ID flower.
2024-05-25 22:38:46,068 INFO c.n.c.i.flowerDB [main] Insert flower.
2024-05-25 22:38:46,070 INFO c.n.c.i.flowerDB [main] Insert flower.
2024-05-25 22:38:46,071 INFO c.n.c.i.flowerDB [main] Insert flower.
2024-05-25 22:38:46,073 INFO c.n.c.i.flowerDB [main] Insert flower.
2024-05-25 22:38:46,074 INFO c.n.c.i.flowerDB [main] Insert flower.
2024-05-25 22:38:46,076 INFO c.n.c.i.flowerDB [main] Insert flower. 5elems.
2024-05-25 22:38:46,085 INFO c.n.c.i.flowerDB [main] Delete flower.
2024-05-25 22:38:46,097 INFO c.n.c.i.flowerDB [main] Insert flower.
2024-05-25 22:41:00,076 INFO c.n.c.Bouquet [main] Delete accessories to bouquet.
2024-05-25 22:41:00,118 INFO c.n.c.Bouquet [main] Average length of flowers in bouquet = 0.0
2024-05-25 22:41:00,133 INFO c.n.c.Bouquet [main] Add flowers to bouquet.
2024-05-25 22:41:00,137 INFO c.n.c.Bouquet [main] Delete flowers to bouquet.
2024-05-25 22:41:00,144 INFO c.n.c.Bouquet [main] Add accessories to bouquet.
2024-05-25 22:41:00,233 INFO c.n.c.Bouquet [main] Price bouquet = 37.0
2024-05-25 22:41:00,738 INFO c.n.c.i.AccessoryDB [main] Get by ID accessory.
2024-05-25 22:41:00,757 INFO c.n.c.i.AccessoryDB [main] Insert accessory.
2024-05-25 22:41:00,758 INFO c.n.c.i.AccessoryDB [main] Insert accessory.
2024-05-25 22:41:00,759 INFO c.n.c.i.AccessoryDB [main] Insert accessory.
2024-05-25 22:41:00,760 INFO c.n.c.i.AccessoryDB [main] Insert accessory.
2024-05-25 22:41:00,762 INFO c.n.c.i.AccessoryDB [main] Insert accessory.
2024-05-25 22:41:00,764 INFO c.n.c.i.AccessoryDB [main] Insert accessory. 5elems.
2024-05-25 22:41:00,767 INFO c.n.c.i.AccessoryDB [main] Delete accessory.
2024-05-25 22:41:00,771 INFO c.n.c.i.AccessoryDB [main] Insert accessory.
2024-05-25 22:41:00,812 INFO c.n.c.i.flowerDB [main] Get by ID flower.
2024-05-25 22:41:00,817 INFO c.n.c.i.flowerDB [main] Insert flower.
2024-05-25 22:41:00,817 INFO c.n.c.i.flowerDB [main] Insert flower.
2024-05-25 22:41:00,819 INFO c.n.c.i.flowerDB [main] Insert flower.
2024-05-25 22:41:00,820 INFO c.n.c.i.flowerDB [main] Insert flower.
2024-05-25 22:41:00,820 INFO c.n.c.i.flowerDB [main] Insert flower.
2024-05-25 22:41:00,821 INFO c.n.c.i.flowerDB [main] Insert flower. 5elems.
2024-05-25 22:41:00,826 INFO c.n.c.i.flowerDB [main] Delete flower.
2024-05-25 22:41:00,829 INFO c.n.c.i.flowerDB [main] Insert flower.
2024-05-25 22:43:45,189 INFO c.n.c.Bouquet [main] Delete accessories to bouquet.
2024-05-25 22:43:45,231 INFO c.n.c.Bouquet [main] Average length of flowers in bouquet = 0.0
2024-05-25 22:43:45,244 INFO c.n.c.Bouquet [main] Add flowers to bouquet.
2024-05-25 22:43:45,248 INFO c.n.c.Bouquet [main] Delete flowers to bouquet.
2024-05-25 22:43:45,253 INFO c.n.c.Bouquet [main] Add accessories to bouquet.
2024-05-25 22:43:45,264 INFO c.n.c.Bouquet [main] Price bouquet = 37.0
2024-05-25 22:43:45,756 INFO c.n.c.i.AccessoryDB [main] Get by ID accessory.
2024-05-25 22:43:45,776 INFO c.n.c.i.AccessoryDB [main] Insert accessory.
2024-05-25 22:43:45,777 INFO c.n.c.i.AccessoryDB [main] Insert accessory.
2024-05-25 22:43:45,778 INFO c.n.c.i.AccessoryDB [main] Insert accessory.
2024-05-25 22:43:45,779 INFO c.n.c.i.AccessoryDB [main] Insert accessory.
2024-05-25 22:43:45,780 INFO c.n.c.i.AccessoryDB [main] Insert accessory.
2024-05-25 22:43:45,781 INFO c.n.c.i.AccessoryDB [main] Insert accessory. 5elems.
2024-05-25 22:43:45,785 INFO c.n.c.i.AccessoryDB [main] Delete accessory.
2024-05-25 22:43:45,788 INFO c.n.c.i.AccessoryDB [main] Insert accessory.
2024-05-25 22:43:45,823 INFO c.n.c.i.flowerDB [main] Get by ID flower.
2024-05-25 22:43:45,828 INFO c.n.c.i.flowerDB [main] Insert flower.
2024-05-25 22:43:45,829 INFO c.n.c.i.flowerDB [main] Insert flower.
2024-05-25 22:43:45,830 INFO c.n.c.i.flowerDB [main] Insert flower.
2024-05-25 22:43:45,831 INFO c.n.c.i.flowerDB [main] Insert flower.
2024-05-25 22:43:45,831 INFO c.n.c.i.flowerDB [main] Insert flower.
2024-05-25 22:43:45,832 INFO c.n.c.i.flowerDB [main] Insert flower. 5elems.
2024-05-25 22:43:45,835 INFO c.n.c.i.flowerDB [main] Delete flower.
2024-05-25 22:43:45,838 INFO c.n.c.i.flowerDB [main] Insert flower.
2024-05-25 22:44:40,242 INFO c.n.c.Bouquet [main] Average length of flowers in bouquet = 0.0
2024-05-25 22:45:49,103 INFO c.n.c.Bouquet [main] Average length of flowers in bouquet = 0.0
2024-05-25 22:46:51,410 INFO c.n.c.Bouquet [main] Average length of flowers in bouquet = 0.0
2024-05-25 22:47:13,226 INFO c.n.c.Bouquet [main] Average length of flowers in bouquet = 0.0
2024-05-25 22:48:22,893 INFO c.n.c.Bouquet [main] Average length of flowers in bouquet = 15.0
2024-05-25 22:48:39,003 INFO c.n.c.Bouquet [main] Average length of flowers in bouquet = 15.0
2024-05-25 22:49:01,177 INFO c.n.c.Bouquet [main] Delete accessories to bouquet.
2024-05-25 22:49:01,244 INFO c.n.c.Bouquet [main] Average length of flowers in bouquet = 15.0
2024-05-25 22:49:01,254 INFO c.n.c.Bouquet [main] Add flowers to bouquet.
2024-05-25 22:49:01,259 INFO c.n.c.Bouquet [main] Delete flowers to bouquet.
2024-05-25 22:49:01,268 INFO c.n.c.Bouquet [main] Add accessories to bouquet.
2024-05-25 22:49:01,279 INFO c.n.c.Bouquet [main] Price bouquet = 37.0
2024-05-25 22:49:01,934 INFO c.n.c.i.AccessoryDB [main] Get by ID accessory.
2024-05-25 22:49:01,966 INFO c.n.c.i.AccessoryDB [main] Insert accessory.
2024-05-25 22:49:01,970 INFO c.n.c.i.AccessoryDB [main] Insert accessory.
2024-05-25 22:49:01,973 INFO c.n.c.i.AccessoryDB [main] Insert accessory.
2024-05-25 22:49:01,975 INFO c.n.c.i.AccessoryDB [main] Insert accessory.
2024-05-25 22:49:01,978 INFO c.n.c.i.AccessoryDB [main] Insert accessory.
2024-05-25 22:49:01,979 INFO c.n.c.i.AccessoryDB [main] Insert accessory. 5elems.
2024-05-25 22:49:01,983 INFO c.n.c.i.AccessoryDB [main] Delete accessory.
2024-05-25 22:49:01,990 INFO c.n.c.i.AccessoryDB [main] Insert accessory.
2024-05-25 22:49:02,073 INFO c.n.c.i.flowerDB [main] Get by ID flower.
2024-05-25 22:49:02,083 INFO c.n.c.i.flowerDB [main] Insert flower.
2024-05-25 22:49:02,085 INFO c.n.c.i.flowerDB [main] Insert flower.
2024-05-25 22:49:02,086 INFO c.n.c.i.flowerDB [main] Insert flower.
2024-05-25 22:49:02,087 INFO c.n.c.i.flowerDB [main] Insert flower.
2024-05-25 22:49:02,088 INFO c.n.c.i.flowerDB [main] Insert flower.
2024-05-25 22:49:02,089 INFO c.n.c.i.flowerDB [main] Insert flower. 5elems.
2024-05-25 22:49:02,095 INFO c.n.c.i.flowerDB [main] Delete flower.
2024-05-25 22:49:02,099 INFO c.n.c.i.flowerDB [main] Insert flower.
2024-05-25 22:56:15,520 INFO c.n.c.Bouquet [main] Delete accessories to bouquet.
2024-05-25 22:56:15,565 INFO c.n.c.Bouquet [main] Average length of flowers in bouquet = 15.0
2024-05-25 22:56:15,573 INFO c.n.c.Bouquet [main] Add flowers to bouquet.
2024-05-25 22:56:15,577 INFO c.n.c.Bouquet [main] Delete flowers to bouquet.
2024-05-25 22:56:15,584 INFO c.n.c.Bouquet [main] Add accessories to bouquet.
2024-05-25 22:56:15,593 INFO c.n.c.Bouquet [main] Price bouquet = 37.0
2024-05-25 22:56:16,109 INFO c.n.c.i.AccessoryDB [main] Get by ID accessory.
2024-05-25 22:56:16,129 INFO c.n.c.i.AccessoryDB [main] Insert accessory.
2024-05-25 22:56:16,132 INFO c.n.c.i.AccessoryDB [main] Insert accessory.
2024-05-25 22:56:16,133 INFO c.n.c.i.AccessoryDB [main] Insert accessory.
2024-05-25 22:56:16,134 INFO c.n.c.i.AccessoryDB [main] Insert accessory.
2024-05-25 22:56:16,135 INFO c.n.c.i.AccessoryDB [main] Insert accessory.
2024-05-25 22:56:16,135 INFO c.n.c.i.AccessoryDB [main] Insert accessory. 5elems.
2024-05-25 22:56:16,139 INFO c.n.c.i.AccessoryDB [main] Delete accessory.
2024-05-25 22:56:16,143 INFO c.n.c.i.AccessoryDB [main] Insert accessory.
2024-05-25 22:56:16,178 INFO c.n.c.i.flowerDB [main] Get by ID flower.
2024-05-25 22:56:16,182 INFO c.n.c.i.flowerDB [main] Insert flower.
2024-05-25 22:56:16,183 INFO c.n.c.i.flowerDB [main] Insert flower.
2024-05-25 22:56:16,183 INFO c.n.c.i.flowerDB [main] Insert flower.
2024-05-25 22:56:16,184 INFO c.n.c.i.flowerDB [main] Insert flower.
2024-05-25 22:56:16,185 INFO c.n.c.i.flowerDB [main] Insert flower.
2024-05-25 22:56:16,185 INFO c.n.c.i.flowerDB [main] Insert flower. 5elems.
2024-05-25 22:56:16,188 INFO c.n.c.i.flowerDB [main] Delete flower.
2024-05-25 22:56:16,192 INFO c.n.c.i.flowerDB [main] Insert flower.
2024-05-25 22:56:16,231 INFO c.n.c.s.SortFilterflowersDB [main] Get flowers in range 1.0 - 10.0price.
2024-05-25 22:56:16,253 INFO c.n.c.s.SortFilterflowersDB [main] Get flowers in range 5.0 - 15.0lenght.
2024-05-25 23:08:30,604 INFO c.n.c.Bouquet [main] Delete accessories to bouquet.
2024-05-25 23:08:30,649 INFO c.n.c.Bouquet [main] Average length of flowers in bouquet = 15.0
2024-05-25 23:08:30,656 INFO c.n.c.Bouquet [main] Add flowers to bouquet.
2024-05-25 23:08:30,660 INFO c.n.c.Bouquet [main] Delete flowers to bouquet.
2024-05-25 23:08:30,667 INFO c.n.c.Bouquet [main] Add accessories to bouquet.
2024-05-25 23:08:30,676 INFO c.n.c.Bouquet [main] Price bouquet = 37.0
2024-05-25 23:08:31,166 INFO c.n.c.i.AccessoryDB [main] Get by ID accessory.
2024-05-25 23:08:31,185 INFO c.n.c.i.AccessoryDB [main] Insert accessory.
2024-05-25 23:08:31,188 INFO c.n.c.i.AccessoryDB [main] Insert accessory.
2024-05-25 23:08:31,189 INFO c.n.c.i.AccessoryDB [main] Insert accessory.
2024-05-25 23:08:31,190 INFO c.n.c.i.AccessoryDB [main] Insert accessory.
2024-05-25 23:08:31,191 INFO c.n.c.i.AccessoryDB [main] Insert accessory.
2024-05-25 23:08:31,191 INFO c.n.c.i.AccessoryDB [main] Insert accessory. 5elems.
2024-05-25 23:08:31,195 INFO c.n.c.i.AccessoryDB [main] Delete accessory.
2024-05-25 23:08:31,199 INFO c.n.c.i.AccessoryDB [main] Insert accessory.
2024-05-25 23:08:31,232 INFO c.n.c.i.flowerDB [main] Get by ID flower.
2024-05-25 23:08:31,235 INFO c.n.c.i.flowerDB [main] Insert flower.
2024-05-25 23:08:31,236 INFO c.n.c.i.flowerDB [main] Insert flower.
2024-05-25 23:08:31,237 INFO c.n.c.i.flowerDB [main] Insert flower.
2024-05-25 23:08:31,237 INFO c.n.c.i.flowerDB [main] Insert flower.
2024-05-25 23:08:31,238 INFO c.n.c.i.flowerDB [main] Insert flower.
2024-05-25 23:08:31,238 INFO c.n.c.i.flowerDB [main] Insert flower. 5elems.
2024-05-25 23:08:31,241 INFO c.n.c.i.flowerDB [main] Delete flower.
2024-05-25 23:08:31,245 INFO c.n.c.i.flowerDB [main] Insert flower.
2024-05-25 23:08:31,287 INFO c.n.c.s.SortFilterflowersDB [main] Get flowers in range 1.0 - 10.0price.
2024-05-25 23:17:42,037 INFO c.n.c.Bouquet [main] Delete accessories to bouquet.
2024-05-25 23:17:42,079 INFO c.n.c.Bouquet [main] Average length of flowers in bouquet = 15.0
2024-05-25 23:17:42,086 INFO c.n.c.Bouquet [main] Add flowers to bouquet.
2024-05-25 23:17:42,090 INFO c.n.c.Bouquet [main] Delete flowers to bouquet.
2024-05-25 23:17:42,096 INFO c.n.c.Bouquet [main] Add accessories to bouquet.
2024-05-25 23:17:42,106 INFO c.n.c.Bouquet [main] Price bouquet = 37.0
2024-05-25 23:17:42,594 INFO c.n.c.i.AccessoryDB [main] Get by ID accessory.
2024-05-25 23:17:42,619 INFO c.n.c.i.AccessoryDB [main] Insert accessory.
2024-05-25 23:17:42,621 INFO c.n.c.i.AccessoryDB [main] Insert accessory.
2024-05-25 23:17:42,621 INFO c.n.c.i.AccessoryDB [main] Insert accessory.
2024-05-25 23:17:42,622 INFO c.n.c.i.AccessoryDB [main] Insert accessory.
2024-05-25 23:17:42,624 INFO c.n.c.i.AccessoryDB [main] Insert accessory.
2024-05-25 23:17:42,624 INFO c.n.c.i.AccessoryDB [main] Insert accessory. 5elems.
2024-05-25 23:17:42,628 INFO c.n.c.i.AccessoryDB [main] Delete accessory.
2024-05-25 23:17:42,634 INFO c.n.c.i.AccessoryDB [main] Insert accessory.
2024-05-25 23:17:42,669 INFO c.n.c.i.flowerDB [main] Get by ID flower.
2024-05-25 23:17:42,672 INFO c.n.c.i.flowerDB [main] Insert flower.
2024-05-25 23:17:42,673 INFO c.n.c.i.flowerDB [main] Insert flower.
2024-05-25 23:17:42,674 INFO c.n.c.i.flowerDB [main] Insert flower.
2024-05-25 23:17:42,674 INFO c.n.c.i.flowerDB [main] Insert flower.
2024-05-25 23:17:42,675 INFO c.n.c.i.flowerDB [main] Insert flower.
2024-05-25 23:17:42,675 INFO c.n.c.i.flowerDB [main] Insert flower. 5elems.
2024-05-25 23:17:42,679 INFO c.n.c.i.flowerDB [main] Delete flower.
2024-05-25 23:17:42,682 INFO c.n.c.i.flowerDB [main] Insert flower.
2024-05-25 23:17:42,723 INFO c.n.c.s.SortFilterflowersDB [main] Get flowers in range 1.0 - 10.0price.
2024-05-25 23:17:42,732 INFO c.n.c.s.SortFilterflowersDB [main] Get flowers in range 5.0 - 15.0lenght.
2024-05-25 23:17:42,742 INFO c.n.c.s.SortFilterflowersDB [main] Get flowers current type.
2024-05-25 23:17:42,755 INFO c.n.c.s.SortFilterflowersDB [main] Get flowers for fresh.
2024-05-25 23:17:42,765 INFO c.n.c.s.SortFilterflowersDB [main] Get all flowers.
2024-05-25 23:17:42,766 INFO c.n.c.s.SortFilterflowersDB [main] Get all flowers.
2024-05-25 23:17:59,059 INFO c.n.c.Bouquet [main] Delete accessories to bouquet.
2024-05-25 23:17:59,129 INFO c.n.c.Bouquet [main] Average length of flowers in bouquet = 15.0
2024-05-25 23:17:59,138 INFO c.n.c.Bouquet [main] Add flowers to bouquet.
2024-05-25 23:17:59,143 INFO c.n.c.Bouquet [main] Delete flowers to bouquet.
2024-05-25 23:17:59,150 INFO c.n.c.Bouquet [main] Add accessories to bouquet.
2024-05-25 23:17:59,164 INFO c.n.c.Bouquet [main] Price bouquet = 37.0
2024-05-25 23:17:59,823 INFO c.n.c.i.AccessoryDB [main] Get by ID accessory.
2024-05-25 23:17:59,856 INFO c.n.c.i.AccessoryDB [main] Insert accessory.
2024-05-25 23:17:59,859 INFO c.n.c.i.AccessoryDB [main] Insert accessory.
2024-05-25 23:17:59,862 INFO c.n.c.i.AccessoryDB [main] Insert accessory.
2024-05-25 23:17:59,864 INFO c.n.c.i.AccessoryDB [main] Insert accessory.
2024-05-25 23:17:59,868 INFO c.n.c.i.AccessoryDB [main] Insert accessory.
2024-05-25 23:17:59,869 INFO c.n.c.i.AccessoryDB [main] Insert accessory. 5elems.
2024-05-25 23:17:59,874 INFO c.n.c.i.AccessoryDB [main] Delete accessory.
2024-05-25 23:17:59,878 INFO c.n.c.i.AccessoryDB [main] Insert accessory.
2024-05-25 23:17:59,940 INFO c.n.c.i.flowerDB [main] Get by ID flower.
2024-05-25 23:17:59,952 INFO c.n.c.i.flowerDB [main] Insert flower.
2024-05-25 23:17:59,952 INFO c.n.c.i.flowerDB [main] Insert flower.
2024-05-25 23:17:59,953 INFO c.n.c.i.flowerDB [main] Insert flower.
2024-05-25 23:17:59,955 INFO c.n.c.i.flowerDB [main] Insert flower.
2024-05-25 23:17:59,956 INFO c.n.c.i.flowerDB [main] Insert flower.
2024-05-25 23:17:59,957 INFO c.n.c.i.flowerDB [main] Insert flower. 5elems.
2024-05-25 23:17:59,961 INFO c.n.c.i.flowerDB [main] Delete flower.
2024-05-25 23:17:59,966 INFO c.n.c.i.flowerDB [main] Insert flower.
2024-05-25 23:18:00,024 INFO c.n.c.s.SortFilterflowersDB [main] Get flowers in range 1.0 - 10.0price.
2024-05-25 23:18:00,039 INFO c.n.c.s.SortFilterflowersDB [main] Get flowers in range 5.0 - 15.0lenght.
2024-05-25 23:18:00,062 INFO c.n.c.s.SortFilterflowersDB [main] Get flowers current type.
2024-05-25 23:18:00,091 INFO c.n.c.s.SortFilterflowersDB [main] Get flowers for fresh.
2024-05-25 23:18:00,101 INFO c.n.c.s.SortFilterflowersDB [main] Get all flowers.
2024-05-25 23:18:00,103 INFO c.n.c.s.SortFilterflowersDB [main] Get all flowers.
2024-05-25 23:22:04,464 INFO c.n.c.Bouquet [main] Delete accessories to bouquet.
2024-05-25 23:22:04,511 INFO c.n.c.Bouquet [main] Average length of flowers in bouquet = 15.0
2024-05-25 23:22:04,518 INFO c.n.c.Bouquet [main] Add flowers to bouquet.
2024-05-25 23:22:04,522 INFO c.n.c.Bouquet [main] Delete flowers to bouquet.
2024-05-25 23:22:04,529 INFO c.n.c.Bouquet [main] Add accessories to bouquet.
2024-05-25 23:22:04,537 INFO c.n.c.Bouquet [main] Price bouquet = 37.0
2024-05-25 23:22:05,045 INFO c.n.c.i.AccessoryDB [main] Get by ID accessory.
2024-05-25 23:22:05,080 INFO c.n.c.i.AccessoryDB [main] Insert accessory.
2024-05-25 23:22:05,082 INFO c.n.c.i.AccessoryDB [main] Insert accessory.
2024-05-25 23:22:05,082 INFO c.n.c.i.AccessoryDB [main] Insert accessory.
2024-05-25 23:22:05,083 INFO c.n.c.i.AccessoryDB [main] Insert accessory.
2024-05-25 23:22:05,085 INFO c.n.c.i.AccessoryDB [main] Insert accessory.
2024-05-25 23:22:05,085 INFO c.n.c.i.AccessoryDB [main] Insert accessory. 5elems.
2024-05-25 23:22:05,089 INFO c.n.c.i.AccessoryDB [main] Delete accessory.
2024-05-25 23:22:05,093 INFO c.n.c.i.AccessoryDB [main] Insert accessory.
2024-05-25 23:22:05,130 INFO c.n.c.s.SortFilterAccessoriesDB [main] Get accessory in range 1.0 - 20.0price.
2024-05-25 23:22:05,137 INFO c.n.c.s.SortFilterAccessoriesDB [main] Get accessory current type.
2024-05-25 23:22:05,146 INFO c.n.c.s.SortFilterAccessoriesDB [main] Get all accessory.
2024-05-25 23:22:05,147 INFO c.n.c.s.SortFilterAccessoriesDB [main] Get all accessory.
2024-05-25 23:22:05,181 INFO c.n.c.i.flowerDB [main] Get by ID flower.
2024-05-25 23:22:05,187 INFO c.n.c.i.flowerDB [main] Insert flower.
2024-05-25 23:22:05,188 INFO c.n.c.i.flowerDB [main] Insert flower.
2024-05-25 23:22:05,188 INFO c.n.c.i.flowerDB [main] Insert flower.
2024-05-25 23:22:05,189 INFO c.n.c.i.flowerDB [main] Insert flower.
2024-05-25 23:22:05,190 INFO c.n.c.i.flowerDB [main] Insert flower.
2024-05-25 23:22:05,190 INFO c.n.c.i.flowerDB [main] Insert flower. 5elems.
2024-05-25 23:22:05,193 INFO c.n.c.i.flowerDB [main] Delete flower.
2024-05-25 23:22:05,196 INFO c.n.c.i.flowerDB [main] Insert flower.
2024-05-25 23:22:05,212 INFO c.n.c.s.SortFilterflowersDB [main] Get flowers in range 1.0 - 10.0price.
2024-05-25 23:22:05,221 INFO c.n.c.s.SortFilterflowersDB [main] Get flowers in range 5.0 - 15.0lenght.
2024-05-25 23:22:05,231 INFO c.n.c.s.SortFilterflowersDB [main] Get flowers current type.
2024-05-25 23:22:05,246 INFO c.n.c.s.SortFilterflowersDB [main] Get flowers for fresh.
2024-05-25 23:22:05,258 INFO c.n.c.s.SortFilterflowersDB [main] Get all flowers.
2024-05-25 23:22:05,260 INFO c.n.c.s.SortFilterflowersDB [main] Get all flowers.
2024-05-25 23:22:14,891 INFO c.n.c.Bouquet [main] Delete accessories to bouquet.
2024-05-25 23:22:14,968 INFO c.n.c.Bouquet [main] Average length of flowers in bouquet = 15.0
2024-05-25 23:22:14,978 INFO c.n.c.Bouquet [main] Add flowers to bouquet.
2024-05-25 23:22:14,982 INFO c.n.c.Bouquet [main] Delete flowers to bouquet.
2024-05-25 23:22:14,990 INFO c.n.c.Bouquet [main] Add accessories to bouquet.
2024-05-25 23:22:15,000 INFO c.n.c.Bouquet [main] Price bouquet = 37.0
2024-05-25 23:22:15,697 INFO c.n.c.i.AccessoryDB [main] Get by ID accessory.
2024-05-25 23:22:15,725 INFO c.n.c.i.AccessoryDB [main] Insert accessory.
2024-05-25 23:22:15,726 INFO c.n.c.i.AccessoryDB [main] Insert accessory.
2024-05-25 23:22:15,728 INFO c.n.c.i.AccessoryDB [main] Insert accessory.
2024-05-25 23:22:15,730 INFO c.n.c.i.AccessoryDB [main] Insert accessory.
2024-05-25 23:22:15,732 INFO c.n.c.i.AccessoryDB [main] Insert accessory.
2024-05-25 23:22:15,734 INFO c.n.c.i.AccessoryDB [main] Insert accessory. 5elems.
2024-05-25 23:22:15,738 INFO c.n.c.i.AccessoryDB [main] Delete accessory.
2024-05-25 23:22:15,744 INFO c.n.c.i.AccessoryDB [main] Insert accessory.
2024-05-25 23:22:15,790 INFO c.n.c.s.SortFilterAccessoriesDB [main] Get accessory in range 1.0 - 20.0price.
2024-05-25 23:22:15,804 INFO c.n.c.s.SortFilterAccessoriesDB [main] Get accessory current type.
2024-05-25 23:22:15,835 INFO c.n.c.s.SortFilterAccessoriesDB [main] Get all accessory.
2024-05-25 23:22:15,837 INFO c.n.c.s.SortFilterAccessoriesDB [main] Get all accessory.
2024-05-25 23:22:15,894 INFO c.n.c.i.flowerDB [main] Get by ID flower.
2024-05-25 23:22:15,903 INFO c.n.c.i.flowerDB [main] Insert flower.
2024-05-25 23:22:15,914 INFO c.n.c.i.flowerDB [main] Insert flower.
2024-05-25 23:22:15,916 INFO c.n.c.i.flowerDB [main] Insert flower.
2024-05-25 23:22:15,917 INFO c.n.c.i.flowerDB [main] Insert flower.
2024-05-25 23:22:15,918 INFO c.n.c.i.flowerDB [main] Insert flower.
2024-05-25 23:22:15,919 INFO c.n.c.i.flowerDB [main] Insert flower. 5elems.
2024-05-25 23:22:15,922 INFO c.n.c.i.flowerDB [main] Delete flower.
2024-05-25 23:22:15,926 INFO c.n.c.i.flowerDB [main] Insert flower.
2024-05-25 23:22:15,941 INFO c.n.c.s.SortFilterflowersDB [main] Get flowers in range 1.0 - 10.0price.
2024-05-25 23:22:15,949 INFO c.n.c.s.SortFilterflowersDB [main] Get flowers in range 5.0 - 15.0lenght.
2024-05-25 23:22:15,961 INFO c.n.c.s.SortFilterflowersDB [main] Get flowers current type.
2024-05-25 23:22:15,972 INFO c.n.c.s.SortFilterflowersDB [main] Get flowers for fresh.
2024-05-25 23:22:15,979 INFO c.n.c.s.SortFilterflowersDB [main] Get all flowers.
2024-05-25 23:22:15,980 INFO c.n.c.s.SortFilterflowersDB [main] Get all flowers.
2024-05-26 00:15:44,689 INFO c.n.c.Bouquet [main] Delete accessories to bouquet.
2024-05-26 00:15:44,736 INFO c.n.c.Bouquet [main] Average length of flowers in bouquet = 15.0
2024-05-26 00:15:44,743 INFO c.n.c.Bouquet [main] Add flowers to bouquet.
2024-05-26 00:15:44,746 INFO c.n.c.Bouquet [main] Delete flowers to bouquet.
2024-05-26 00:15:44,753 INFO c.n.c.Bouquet [main] Add accessories to bouquet.
2024-05-26 00:15:44,762 INFO c.n.c.Bouquet [main] Price bouquet = 37.0
2024-05-26 00:15:45,270 INFO c.n.c.i.AccessoryDB [main] Get by ID accessory.
2024-05-26 00:15:45,289 INFO c.n.c.i.AccessoryDB [main] Insert accessory.
2024-05-26 00:15:45,291 INFO c.n.c.i.AccessoryDB [main] Insert accessory.
2024-05-26 00:15:45,292 INFO c.n.c.i.AccessoryDB [main] Insert accessory.
2024-05-26 00:15:45,294 INFO c.n.c.i.AccessoryDB [main] Insert accessory.
2024-05-26 00:15:45,294 INFO c.n.c.i.AccessoryDB [main] Insert accessory.
2024-05-26 00:15:45,295 INFO c.n.c.i.AccessoryDB [main] Insert accessory. 5elems.
2024-05-26 00:15:45,298 INFO c.n.c.i.AccessoryDB [main] Delete accessory.
2024-05-26 00:15:45,303 INFO c.n.c.i.AccessoryDB [main] Insert accessory.
2024-05-26 00:15:45,336 INFO c.n.c.s.SortFilterAccessoriesDB [main] Get accessory in range 1.0 - 20.0price.
2024-05-26 00:15:45,342 INFO c.n.c.s.SortFilterAccessoriesDB [main] Get accessory current type.
2024-05-26 00:15:45,349 INFO c.n.c.s.SortFilterAccessoriesDB [main] Get all accessory.
2024-05-26 00:15:45,350 INFO c.n.c.s.SortFilterAccessoriesDB [main] Get all accessory.
2024-05-26 00:15:45,462 INFO c.n.c.i.flowerDB [main] Get by ID flower.
2024-05-26 00:15:45,468 INFO c.n.c.i.flowerDB [main] Insert flower.
2024-05-26 00:15:45,469 INFO c.n.c.i.flowerDB [main] Insert flower.
2024-05-26 00:15:45,471 INFO c.n.c.i.flowerDB [main] Insert flower.
2024-05-26 00:15:45,472 INFO c.n.c.i.flowerDB [main] Insert flower.
2024-05-26 00:15:45,474 INFO c.n.c.i.flowerDB [main] Insert flower.
2024-05-26 00:15:45,475 INFO c.n.c.i.flowerDB [main] Insert flower. 5elems.
2024-05-26 00:15:45,478 INFO c.n.c.i.flowerDB [main] Delete flower.
2024-05-26 00:15:45,483 INFO c.n.c.i.flowerDB [main] Insert flower.
2024-05-26 00:15:45,498 INFO c.n.c.s.SortFilterflowersDB [main] Get flowers in range 1.0 - 10.0price.
2024-05-26 00:15:45,508 INFO c.n.c.s.SortFilterflowersDB [main] Get flowers in range 5.0 - 15.0lenght.
2024-05-26 00:15:45,516 INFO c.n.c.s.SortFilterflowersDB [main] Get flowers current type.
2024-05-26 00:15:45,527 INFO c.n.c.s.SortFilterflowersDB [main] Get flowers for fresh.
2024-05-26 00:15:45,532 INFO c.n.c.s.SortFilterflowersDB [main] Get all flowers.
2024-05-26 00:15:45,533 INFO c.n.c.s.SortFilterflowersDB [main] Get all flowers.
2024-05-26 00:19:13,702 INFO c.n.c.Bouquet [main] Delete accessories to bouquet.
2024-05-26 00:19:13,747 INFO c.n.c.Bouquet [main] Average length of flowers in bouquet = 15.0
2024-05-26 00:19:13,755 INFO c.n.c.Bouquet [main] Add flowers to bouquet.
2024-05-26 00:19:13,758 INFO c.n.c.Bouquet [main] Delete flowers to bouquet.
2024-05-26 00:19:13,766 INFO c.n.c.Bouquet [main] Add accessories to bouquet.
2024-05-26 00:19:13,776 INFO c.n.c.Bouquet [main] Price bouquet = 37.0
2024-05-26 00:19:14,282 INFO c.n.c.i.AccessoryDB [main] Get by ID accessory.
2024-05-26 00:19:14,309 INFO c.n.c.i.AccessoryDB [main] Insert accessory.
2024-05-26 00:19:14,314 INFO c.n.c.i.AccessoryDB [main] Insert accessory.
2024-05-26 00:19:14,316 INFO c.n.c.i.AccessoryDB [main] Insert accessory.
2024-05-26 00:19:14,318 INFO c.n.c.i.AccessoryDB [main] Insert accessory.
2024-05-26 00:19:14,320 INFO c.n.c.i.AccessoryDB [main] Insert accessory.
2024-05-26 00:19:14,321 INFO c.n.c.i.AccessoryDB [main] Insert accessory. 5elems.
2024-05-26 00:19:14,325 INFO c.n.c.i.AccessoryDB [main] Delete accessory.
2024-05-26 00:19:14,330 INFO c.n.c.i.AccessoryDB [main] Insert accessory.
2024-05-26 00:19:14,365 INFO c.n.c.s.SortFilterAccessoriesDB [main] Get accessory in range 1.0 - 20.0price.
2024-05-26 00:19:14,371 INFO c.n.c.s.SortFilterAccessoriesDB [main] Get accessory current type.
2024-05-26 00:19:14,382 INFO c.n.c.s.SortFilterAccessoriesDB [main] Get all accessory.
2024-05-26 00:19:14,382 INFO c.n.c.s.SortFilterAccessoriesDB [main] Get all accessory.
2024-05-26 00:19:14,491 INFO c.n.c.i.flowerDB [main] Get by ID flower.
2024-05-26 00:19:14,498 INFO c.n.c.i.flowerDB [main] Insert flower.
2024-05-26 00:19:14,499 INFO c.n.c.i.flowerDB [main] Insert flower.
2024-05-26 00:19:14,500 INFO c.n.c.i.flowerDB [main] Insert flower.
2024-05-26 00:19:14,502 INFO c.n.c.i.flowerDB [main] Insert flower.
2024-05-26 00:19:14,504 INFO c.n.c.i.flowerDB [main] Insert flower.
2024-05-26 00:19:14,505 INFO c.n.c.i.flowerDB [main] Insert flower. 5elems.
2024-05-26 00:19:14,509 INFO c.n.c.i.flowerDB [main] Delete flower.
2024-05-26 00:19:14,514 INFO c.n.c.i.flowerDB [main] Insert flower.
2024-05-26 00:19:14,531 INFO c.n.c.s.SortFilterflowersDB [main] Get flowers in range 1.0 - 10.0price.
2024-05-26 00:19:14,541 INFO c.n.c.s.SortFilterflowersDB [main] Get flowers in range 5.0 - 15.0lenght.
2024-05-26 00:19:14,552 INFO c.n.c.s.SortFilterflowersDB [main] Get flowers current type.
2024-05-26 00:19:14,563 INFO c.n.c.s.SortFilterflowersDB [main] Get flowers for fresh.
2024-05-26 00:19:14,568 INFO c.n.c.s.SortFilterflowersDB [main] Get all flowers.
2024-05-26 00:19:14,569 INFO c.n.c.s.SortFilterflowersDB [main] Get all flowers.
2024-05-26 00:37:42,467 INFO c.n.c.Bouquet [main] Delete accessories to bouquet.
2024-05-26 00:37:42,507 INFO c.n.c.Bouquet [main] Average length of flowers in bouquet = 15.0
2024-05-26 00:37:42,516 INFO c.n.c.Bouquet [main] Add flowers to bouquet.
2024-05-26 00:37:42,520 INFO c.n.c.Bouquet [main] Delete flowers to bouquet.
2024-05-26 00:37:42,527 INFO c.n.c.Bouquet [main] Add accessories to bouquet.
2024-05-26 00:37:42,537 INFO c.n.c.Bouquet [main] Price bouquet = 37.0
2024-05-26 00:37:43,059 INFO c.n.c.i.AccessoryDB [main] Get by ID accessory.
2024-05-26 00:37:43,073 INFO c.n.c.i.AccessoryDB [main] Insert accessory.
2024-05-26 00:37:43,075 INFO c.n.c.i.AccessoryDB [main] Insert accessory.
2024-05-26 00:37:43,076 INFO c.n.c.i.AccessoryDB [main] Insert accessory.
2024-05-26 00:37:43,077 INFO c.n.c.i.AccessoryDB [main] Insert accessory.
2024-05-26 00:37:43,078 INFO c.n.c.i.AccessoryDB [main] Insert accessory.
2024-05-26 00:37:43,079 INFO c.n.c.i.AccessoryDB [main] Insert accessory. 5elems.
2024-05-26 00:37:43,082 INFO c.n.c.i.AccessoryDB [main] Delete accessory.
2024-05-26 00:37:43,086 INFO c.n.c.i.AccessoryDB [main] Insert accessory.
2024-05-26 00:37:43,117 INFO c.n.c.s.SortFilterAccessoriesDB [main] Get accessory in range 1.0 - 20.0price.
2024-05-26 00:37:43,124 INFO c.n.c.s.SortFilterAccessoriesDB [main] Get accessory current type.
2024-05-26 00:37:43,133 INFO c.n.c.s.SortFilterAccessoriesDB [main] Get all accessory.
2024-05-26 00:37:43,133 INFO c.n.c.s.SortFilterAccessoriesDB [main] Get all accessory.
2024-05-26 00:37:43,254 INFO c.n.c.i.flowerDB [main] Get by ID flower.
2024-05-26 00:37:43,260 INFO c.n.c.i.flowerDB [main] Insert flower.
2024-05-26 00:37:43,262 INFO c.n.c.i.flowerDB [main] Insert flower.
2024-05-26 00:37:43,263 INFO c.n.c.i.flowerDB [main] Insert flower.
2024-05-26 00:37:43,265 INFO c.n.c.i.flowerDB [main] Insert flower.
2024-05-26 00:37:43,266 INFO c.n.c.i.flowerDB [main] Insert flower.
2024-05-26 00:37:43,267 INFO c.n.c.i.flowerDB [main] Insert flower. 5elems.
2024-05-26 00:37:43,270 INFO c.n.c.i.flowerDB [main] Delete flower.
2024-05-26 00:37:43,276 INFO c.n.c.i.flowerDB [main] Insert flower.
2024-05-26 00:37:43,293 INFO c.n.c.s.SortFilterflowersDB [main] Get flowers in range 1.0 - 10.0price.
2024-05-26 00:37:43,301 INFO c.n.c.s.SortFilterflowersDB [main] Get flowers in range 5.0 - 15.0lenght.
2024-05-26 00:37:43,309 INFO c.n.c.s.SortFilterflowersDB [main] Get flowers current type.
2024-05-26 00:37:43,322 INFO c.n.c.s.SortFilterflowersDB [main] Get flowers for fresh.
2024-05-26 00:37:43,327 INFO c.n.c.s.SortFilterflowersDB [main] Get all flowers.
2024-05-26 00:37:43,327 INFO c.n.c.s.SortFilterflowersDB [main] Get all flowers.
2024-05-26 00:39:44,462 INFO c.n.c.Bouquet [main] Delete accessories to bouquet.
2024-05-26 00:39:44,511 INFO c.n.c.Bouquet [main] Average length of flowers in bouquet = 15.0
2024-05-26 00:39:44,518 INFO c.n.c.Bouquet [main] Add flowers to bouquet.
2024-05-26 00:39:44,522 INFO c.n.c.Bouquet [main] Delete flowers to bouquet.
2024-05-26 00:39:44,528 INFO c.n.c.Bouquet [main] Add accessories to bouquet.
2024-05-26 00:39:44,539 INFO c.n.c.Bouquet [main] Price bouquet = 37.0
2024-05-26 00:39:45,052 INFO c.n.c.i.AccessoryDB [main] Get by ID accessory.
2024-05-26 00:39:45,080 INFO c.n.c.i.AccessoryDB [main] Insert accessory.
2024-05-26 00:39:45,083 INFO c.n.c.i.AccessoryDB [main] Insert accessory.
2024-05-26 00:39:45,084 INFO c.n.c.i.AccessoryDB [main] Insert accessory.
2024-05-26 00:39:45,085 INFO c.n.c.i.AccessoryDB [main] Insert accessory.
2024-05-26 00:39:45,088 INFO c.n.c.i.AccessoryDB [main] Insert accessory.
2024-05-26 00:39:45,089 INFO c.n.c.i.AccessoryDB [main] Insert accessory. 5elems.
2024-05-26 00:39:45,092 INFO c.n.c.i.AccessoryDB [main] Delete accessory.
2024-05-26 00:39:45,096 INFO c.n.c.i.AccessoryDB [main] Insert accessory.
2024-05-26 00:39:45,131 INFO c.n.c.s.SortFilterAccessoriesDB [main] Get accessory in range 1.0 - 20.0price.
2024-05-26 00:39:45,137 INFO c.n.c.s.SortFilterAccessoriesDB [main] Get accessory current type.
2024-05-26 00:39:45,146 INFO c.n.c.s.SortFilterAccessoriesDB [main] Get all accessory.
2024-05-26 00:39:45,146 INFO c.n.c.s.SortFilterAccessoriesDB [main] Get all accessory.
2024-05-26 00:39:45,297 INFO c.n.c.i.flowerDB [main] Get by ID flower.
2024-05-26 00:39:45,304 INFO c.n.c.i.flowerDB [main] Insert flower.
2024-05-26 00:39:45,306 INFO c.n.c.i.flowerDB [main] Insert flower.
2024-05-26 00:39:45,309 INFO c.n.c.i.flowerDB [main] Insert flower.
2024-05-26 00:39:45,311 INFO c.n.c.i.flowerDB [main] Insert flower.
2024-05-26 00:39:45,314 INFO c.n.c.i.flowerDB [main] Insert flower.
2024-05-26 00:39:45,314 INFO c.n.c.i.flowerDB [main] Insert flower. 5elems.
2024-05-26 00:39:45,319 INFO c.n.c.i.flowerDB [main] Delete flower.
2024-05-26 00:39:45,325 INFO c.n.c.i.flowerDB [main] Insert flower.
2024-05-26 00:39:45,344 INFO c.n.c.s.SortFilterflowersDB [main] Get flowers in range 1.0 - 10.0price.
2024-05-26 00:39:45,350 INFO c.n.c.s.SortFilterflowersDB [main] Get flowers in range 5.0 - 15.0lenght.
2024-05-26 00:39:45,358 INFO c.n.c.s.SortFilterflowersDB [main] Get flowers current type.
2024-05-26 00:39:45,368 INFO c.n.c.s.SortFilterflowersDB [main] Get flowers for fresh.
2024-05-26 00:39:45,374 INFO c.n.c.s.SortFilterflowersDB [main] Get all flowers.
2024-05-26 00:39:45,374 INFO c.n.c.s.SortFilterflowersDB [main] Get all flowers.
2024-05-26 00:40:11,211 INFO c.n.c.Bouquet [main] Delete accessories to bouquet.
2024-05-26 00:40:11,281 INFO c.n.c.Bouquet [main] Average length of flowers in bouquet = 15.0
2024-05-26 00:40:11,292 INFO c.n.c.Bouquet [main] Add flowers to bouquet.
2024-05-26 00:40:11,296 INFO c.n.c.Bouquet [main] Delete flowers to bouquet.
2024-05-26 00:40:11,304 INFO c.n.c.Bouquet [main] Add accessories to bouquet.
2024-05-26 00:40:11,313 INFO c.n.c.Bouquet [main] Price bouquet = 37.0
2024-05-26 00:40:11,939 INFO c.n.c.i.AccessoryDB [main] Get by ID accessory.
2024-05-26 00:40:11,970 INFO c.n.c.i.AccessoryDB [main] Insert accessory.
2024-05-26 00:40:11,972 INFO c.n.c.i.AccessoryDB [main] Insert accessory.
2024-05-26 00:40:11,975 INFO c.n.c.i.AccessoryDB [main] Insert accessory.
2024-05-26 00:40:11,978 INFO c.n.c.i.AccessoryDB [main] Insert accessory.
2024-05-26 00:40:11,982 INFO c.n.c.i.AccessoryDB [main] Insert accessory.
2024-05-26 00:40:11,983 INFO c.n.c.i.AccessoryDB [main] Insert accessory. 5elems.
2024-05-26 00:40:11,989 INFO c.n.c.i.AccessoryDB [main] Delete accessory.
2024-05-26 00:40:11,997 INFO c.n.c.i.AccessoryDB [main] Insert accessory.
2024-05-26 00:40:12,046 INFO c.n.c.s.SortFilterAccessoriesDB [main] Get accessory in range 1.0 - 20.0price.
2024-05-26 00:40:12,056 INFO c.n.c.s.SortFilterAccessoriesDB [main] Get accessory current type.
2024-05-26 00:40:12,078 INFO c.n.c.s.SortFilterAccessoriesDB [main] Get all accessory.
2024-05-26 00:40:12,080 INFO c.n.c.s.SortFilterAccessoriesDB [main] Get all accessory.
2024-05-26 00:40:12,278 INFO c.n.c.i.flowerDB [main] Get by ID flower.
2024-05-26 00:40:12,286 INFO c.n.c.i.flowerDB [main] Insert flower.
2024-05-26 00:40:12,288 INFO c.n.c.i.flowerDB [main] Insert flower.
2024-05-26 00:40:12,292 INFO c.n.c.i.flowerDB [main] Insert flower.
2024-05-26 00:40:12,295 INFO c.n.c.i.flowerDB [main] Insert flower.
2024-05-26 00:40:12,296 INFO c.n.c.i.flowerDB [main] Insert flower.
2024-05-26 00:40:12,298 INFO c.n.c.i.flowerDB [main] Insert flower. 5elems.
2024-05-26 00:40:12,304 INFO c.n.c.i.flowerDB [main] Delete flower.
2024-05-26 00:40:12,309 INFO c.n.c.i.flowerDB [main] Insert flower.
2024-05-26 00:40:12,328 INFO c.n.c.s.SortFilterflowersDB [main] Get flowers in range 1.0 - 10.0price.
2024-05-26 00:40:12,350 INFO c.n.c.s.SortFilterflowersDB [main] Get flowers in range 5.0 - 15.0lenght.
2024-05-26 00:40:12,360 INFO c.n.c.s.SortFilterflowersDB [main] Get flowers current type.
2024-05-26 00:40:12,370 INFO c.n.c.s.SortFilterflowersDB [main] Get flowers for fresh.
2024-05-26 00:40:12,375 INFO c.n.c.s.SortFilterflowersDB [main] Get all flowers.
2024-05-26 00:40:12,376 INFO c.n.c.s.SortFilterflowersDB [main] Get all flowers.
2024-05-26 00:47:06,684 INFO c.n.c.Bouquet [main] Delete accessories to bouquet.
2024-05-26 00:47:06,729 INFO c.n.c.Bouquet [main] Average length of flowers in bouquet = 15.0
2024-05-26 00:47:06,735 INFO c.n.c.Bouquet [main] Add flowers to bouquet.
2024-05-26 00:47:06,739 INFO c.n.c.Bouquet [main] Delete flowers to bouquet.
2024-05-26 00:47:06,746 INFO c.n.c.Bouquet [main] Add accessories to bouquet.
2024-05-26 00:47:06,754 INFO c.n.c.Bouquet [main] Price bouquet = 37.0
2024-05-26 00:47:07,246 INFO c.n.c.i.AccessoryDB [main] Get by ID accessory.
2024-05-26 00:47:07,272 INFO c.n.c.i.AccessoryDB [main] Insert accessory.
2024-05-26 00:47:07,274 INFO c.n.c.i.AccessoryDB [main] Insert accessory.
2024-05-26 00:47:07,277 INFO c.n.c.i.AccessoryDB [main] Insert accessory.
2024-05-26 00:47:07,279 INFO c.n.c.i.AccessoryDB [main] Insert accessory.
2024-05-26 00:47:07,282 INFO c.n.c.i.AccessoryDB [main] Insert accessory.
2024-05-26 00:47:07,282 INFO c.n.c.i.AccessoryDB [main] Insert accessory. 5elems.
2024-05-26 00:47:07,285 INFO c.n.c.i.AccessoryDB [main] Delete accessory.
2024-05-26 00:47:07,289 INFO c.n.c.i.AccessoryDB [main] Insert accessory.
2024-05-26 00:47:07,322 INFO c.n.c.s.SortFilterAccessoriesDB [main] Get accessory in range 1.0 - 20.0price.
2024-05-26 00:47:07,328 INFO c.n.c.s.SortFilterAccessoriesDB [main] Get accessory current type.
2024-05-26 00:47:07,338 INFO c.n.c.s.SortFilterAccessoriesDB [main] Get all accessory.
2024-05-26 00:47:07,338 INFO c.n.c.s.SortFilterAccessoriesDB [main] Get all accessory.
2024-05-26 00:47:07,377 INFO c.n.c.i.flowerDB [main] Get by ID flower.
2024-05-26 00:47:07,382 INFO c.n.c.i.flowerDB [main] Insert flower.
2024-05-26 00:47:07,383 INFO c.n.c.i.flowerDB [main] Insert flower.
2024-05-26 00:47:07,383 INFO c.n.c.i.flowerDB [main] Insert flower.
2024-05-26 00:47:07,384 INFO c.n.c.i.flowerDB [main] Insert flower.
2024-05-26 00:47:07,385 INFO c.n.c.i.flowerDB [main] Insert flower.
2024-05-26 00:47:07,385 INFO c.n.c.i.flowerDB [main] Insert flower. 5elems.
2024-05-26 00:47:07,388 INFO c.n.c.i.flowerDB [main] Delete flower.
2024-05-26 00:47:07,393 INFO c.n.c.i.flowerDB [main] Insert flower.
2024-05-26 00:47:07,505 INFO c.n.c.s.SortFilterflowersDB [main] Get flowers in range 1.0 - 10.0price.
2024-05-26 00:47:07,521 INFO c.n.c.s.SortFilterflowersDB [main] Get flowers in range 5.0 - 15.0lenght.
2024-05-26 00:47:07,540 INFO c.n.c.s.SortFilterflowersDB [main] Get flowers current type.
2024-05-26 00:47:07,555 INFO c.n.c.s.SortFilterflowersDB [main] Get flowers for fresh.
2024-05-26 00:47:07,562 INFO c.n.c.s.SortFilterflowersDB [main] Get all flowers.
2024-05-26 00:47:07,563 INFO c.n.c.s.SortFilterflowersDB [main] Get all flowers.
2024-05-26 00:47:37,071 INFO c.n.c.Bouquet [main] Delete accessories to bouquet.
2024-05-26 00:47:37,116 INFO c.n.c.Bouquet [main] Average length of flowers in bouquet = 15.0
2024-05-26 00:47:37,123 INFO c.n.c.Bouquet [main] Add flowers to bouquet.
2024-05-26 00:47:37,127 INFO c.n.c.Bouquet [main] Delete flowers to bouquet.
2024-05-26 00:47:37,136 INFO c.n.c.Bouquet [main] Add accessories to bouquet.
2024-05-26 00:47:37,145 INFO c.n.c.Bouquet [main] Price bouquet = 37.0
2024-05-26 00:47:37,641 INFO c.n.c.i.AccessoryDB [main] Get by ID accessory.
2024-05-26 00:47:37,671 INFO c.n.c.i.AccessoryDB [main] Insert accessory.
2024-05-26 00:47:37,673 INFO c.n.c.i.AccessoryDB [main] Insert accessory.
2024-05-26 00:47:37,674 INFO c.n.c.i.AccessoryDB [main] Insert accessory.
2024-05-26 00:47:37,675 INFO c.n.c.i.AccessoryDB [main] Insert accessory.
2024-05-26 00:47:37,677 INFO c.n.c.i.AccessoryDB [main] Insert accessory.
2024-05-26 00:47:37,679 INFO c.n.c.i.AccessoryDB [main] Insert accessory. 5elems.
2024-05-26 00:47:37,682 INFO c.n.c.i.AccessoryDB [main] Delete accessory.
2024-05-26 00:47:37,685 INFO c.n.c.i.AccessoryDB [main] Insert accessory.
2024-05-26 00:47:37,718 INFO c.n.c.s.SortFilterAccessoriesDB [main] Get accessory in range 1.0 - 20.0price.
2024-05-26 00:47:37,725 INFO c.n.c.s.SortFilterAccessoriesDB [main] Get accessory current type.
2024-05-26 00:47:37,734 INFO c.n.c.s.SortFilterAccessoriesDB [main] Get all accessory.
2024-05-26 00:47:37,734 INFO c.n.c.s.SortFilterAccessoriesDB [main] Get all accessory.
2024-05-26 00:47:37,770 INFO c.n.c.i.flowerDB [main] Get by ID flower.
2024-05-26 00:47:37,774 INFO c.n.c.i.flowerDB [main] Insert flower.
2024-05-26 00:47:37,775 INFO c.n.c.i.flowerDB [main] Insert flower.
2024-05-26 00:47:37,776 INFO c.n.c.i.flowerDB [main] Insert flower.
2024-05-26 00:47:37,777 INFO c.n.c.i.flowerDB [main] Insert flower.
2024-05-26 00:47:37,777 INFO c.n.c.i.flowerDB [main] Insert flower.
2024-05-26 00:47:37,778 INFO c.n.c.i.flowerDB [main] Insert flower. 5elems.
2024-05-26 00:47:37,781 INFO c.n.c.i.flowerDB [main] Delete flower.
2024-05-26 00:47:37,785 INFO c.n.c.i.flowerDB [main] Insert flower.
2024-05-26 00:47:37,891 INFO c.n.c.s.SortFilterflowersDB [main] Get flowers in range 1.0 - 10.0price.
2024-05-26 00:47:37,903 INFO c.n.c.s.SortFilterflowersDB [main] Get flowers in range 5.0 - 15.0lenght.
2024-05-26 00:47:37,913 INFO c.n.c.s.SortFilterflowersDB [main] Get flowers current type.
2024-05-26 00:47:37,923 INFO c.n.c.s.SortFilterflowersDB [main] Get flowers for fresh.
2024-05-26 00:47:37,929 INFO c.n.c.s.SortFilterflowersDB [main] Get all flowers.
2024-05-26 00:47:37,930 INFO c.n.c.s.SortFilterflowersDB [main] Get all flowers.
2024-05-26 00:48:16,104 INFO c.n.c.Bouquet [main] Delete accessories to bouquet.
2024-05-26 00:48:16,172 INFO c.n.c.Bouquet [main] Average length of flowers in bouquet = 15.0
2024-05-26 00:48:16,179 INFO c.n.c.Bouquet [main] Add flowers to bouquet.
2024-05-26 00:48:16,183 INFO c.n.c.Bouquet [main] Delete flowers to bouquet.
2024-05-26 00:48:16,191 INFO c.n.c.Bouquet [main] Add accessories to bouquet.
2024-05-26 00:48:16,201 INFO c.n.c.Bouquet [main] Price bouquet = 37.0
2024-05-26 00:48:16,914 INFO c.n.c.i.AccessoryDB [main] Get by ID accessory.
2024-05-26 00:48:16,933 INFO c.n.c.i.AccessoryDB [main] Insert accessory.
2024-05-26 00:48:16,934 INFO c.n.c.i.AccessoryDB [main] Insert accessory.
2024-05-26 00:48:16,936 INFO c.n.c.i.AccessoryDB [main] Insert accessory.
2024-05-26 00:48:16,937 INFO c.n.c.i.AccessoryDB [main] Insert accessory.
2024-05-26 00:48:16,938 INFO c.n.c.i.AccessoryDB [main] Insert accessory.
2024-05-26 00:48:16,939 INFO c.n.c.i.AccessoryDB [main] Insert accessory. 5elems.
2024-05-26 00:48:16,942 INFO c.n.c.i.AccessoryDB [main] Delete accessory.
2024-05-26 00:48:16,946 INFO c.n.c.i.AccessoryDB [main] Insert accessory.
2024-05-26 00:48:17,007 INFO c.n.c.s.SortFilterAccessoriesDB [main] Get accessory in range 1.0 - 20.0price.
2024-05-26 00:48:17,025 INFO c.n.c.s.SortFilterAccessoriesDB [main] Get accessory current type.
2024-05-26 00:48:17,038 INFO c.n.c.s.SortFilterAccessoriesDB [main] Get all accessory.
2024-05-26 00:48:17,039 INFO c.n.c.s.SortFilterAccessoriesDB [main] Get all accessory.
2024-05-26 00:48:17,078 INFO c.n.c.i.flowerDB [main] Get by ID flower.
2024-05-26 00:48:17,084 INFO c.n.c.i.flowerDB [main] Insert flower.
2024-05-26 00:48:17,085 INFO c.n.c.i.flowerDB [main] Insert flower.
2024-05-26 00:48:17,085 INFO c.n.c.i.flowerDB [main] Insert flower.
2024-05-26 00:48:17,086 INFO c.n.c.i.flowerDB [main] Insert flower.
2024-05-26 00:48:17,087 INFO c.n.c.i.flowerDB [main] Insert flower.
2024-05-26 00:48:17,087 INFO c.n.c.i.flowerDB [main] Insert flower. 5elems.
2024-05-26 00:48:17,090 INFO c.n.c.i.flowerDB [main] Delete flower.
2024-05-26 00:48:17,093 INFO c.n.c.i.flowerDB [main] Insert flower.
2024-05-26 00:48:17,115 INFO c.n.c.s.SortFilterflowersDB [main] Get flowers in range 1.0 - 10.0price.
2024-05-26 00:48:17,129 INFO c.n.c.s.SortFilterflowersDB [main] Get flowers in range 5.0 - 15.0lenght.
2024-05-26 00:48:17,141 INFO c.n.c.s.SortFilterflowersDB [main] Get flowers current type.
2024-05-26 00:48:17,151 INFO c.n.c.s.SortFilterflowersDB [main] Get flowers for fresh.
2024-05-26 00:48:17,158 INFO c.n.c.s.SortFilterflowersDB [main] Get all flowers.
2024-05-26 00:48:17,159 INFO c.n.c.s.SortFilterflowersDB [main] Get all flowers.
2024-05-26 01:37:55,864 ERROR c.n.c.Database [JavaFX Application Thread] Fail connection.Database 'shopsforflowers_database' on server 'flowersshops' is not currently available.  Please retry the connection later.  If the problem persists, contact customer support, and provide them the session tracing ID of '{A81F7947-6729-49A3-9C49-C88E2F94A6E5}'. ClientConnectionId:fffa7cc2-660f-4c80-b0ad-64012a39f21e
2024-05-26 01:38:17,012 INFO c.n.c.Database [JavaFX Application Thread] Success connection to database.
2024-05-26 01:38:17,297 INFO c.n.c.s.SortFilterflowersDB [JavaFX Application Thread] Get all flowers.
2024-05-26 01:38:17,297 INFO c.n.c.s.SortFilterflowersDB [JavaFX Application Thread] Get all flowers.
2024-05-26 01:38:17,297 INFO c.n.c.s.SortFilterflowersDB [JavaFX Application Thread] Get all flowers.
2024-05-26 01:38:17,297 INFO c.n.c.s.SortFilterflowersDB [JavaFX Application Thread] Get all flowers.
2024-05-26 01:38:17,297 INFO c.n.c.s.SortFilterflowersDB [JavaFX Application Thread] Get all flowers.
2024-05-26 01:41:44,601 INFO c.n.c.i.AccessoryDB [JavaFX Application Thread] Insert accessory.
2024-05-26 01:41:44,765 INFO c.n.c.i.AccessoryDB [JavaFX Application Thread] Insert accessory.
2024-05-26 01:41:44,883 INFO c.n.c.i.AccessoryDB [JavaFX Application Thread] Insert accessory.
2024-05-26 01:41:44,999 INFO c.n.c.i.AccessoryDB [JavaFX Application Thread] Insert accessory.
2024-05-26 01:41:45,116 INFO c.n.c.i.AccessoryDB [JavaFX Application Thread] Insert accessory.
2024-05-26 01:41:45,233 INFO c.n.c.i.AccessoryDB [JavaFX Application Thread] Insert accessory.
2024-05-26 01:41:45,350 INFO c.n.c.i.AccessoryDB [JavaFX Application Thread] Insert accessory. 6elems.
2024-05-26 01:41:51,332 INFO c.n.c.s.SortFilterflowersDB [JavaFX Application Thread] Get flowers for fresh.
2024-05-26 01:41:51,332 INFO c.n.c.s.SortFilterflowersDB [JavaFX Application Thread] Get flowers for fresh.
2024-05-26 01:41:51,332 INFO c.n.c.s.SortFilterflowersDB [JavaFX Application Thread] Get flowers for fresh.
2024-05-26 01:41:51,332 INFO c.n.c.s.SortFilterflowersDB [JavaFX Application Thread] Get flowers for fresh.
2024-05-26 01:41:51,332 INFO c.n.c.s.SortFilterflowersDB [JavaFX Application Thread] Get flowers for fresh.
2024-05-26 01:41:53,266 INFO c.n.c.s.SortFilterflowersDB [JavaFX Application Thread] Get flowers for fresh.
2024-05-26 01:41:53,266 INFO c.n.c.s.SortFilterflowersDB [JavaFX Application Thread] Get flowers for fresh.
2024-05-26 01:41:53,266 INFO c.n.c.s.SortFilterflowersDB [JavaFX Application Thread] Get flowers for fresh.
2024-05-26 01:41:53,266 INFO c.n.c.s.SortFilterflowersDB [JavaFX Application Thread] Get flowers for fresh.
2024-05-26 01:41:53,267 INFO c.n.c.s.SortFilterflowersDB [JavaFX Application Thread] Get flowers for fresh.
2024-05-26 01:43:19,108 INFO c.n.c.i.flowerDB [JavaFX Application Thread] Insert flower.
2024-05-26 01:43:19,257 INFO c.n.c.i.flowerDB [JavaFX Application Thread] Insert flower.
2024-05-26 01:43:19,374 INFO c.n.c.i.flowerDB [JavaFX Application Thread] Insert flower. 2elems.
2024-05-26 01:43:23,179 INFO c.n.c.s.SortFilterflowersDB [JavaFX Application Thread] Get flowers for fresh.
2024-05-26 01:43:23,180 INFO c.n.c.s.SortFilterflowersDB [JavaFX Application Thread] Get flowers for fresh.
2024-05-26 01:43:23,180 INFO c.n.c.s.SortFilterflowersDB [JavaFX Application Thread] Get flowers for fresh.
2024-05-26 01:43:23,180 INFO c.n.c.s.SortFilterflowersDB [JavaFX Application Thread] Get flowers for fresh.
2024-05-26 01:43:23,180 INFO c.n.c.s.SortFilterflowersDB [JavaFX Application Thread] Get flowers for fresh.
2024-05-26 01:43:23,180 INFO c.n.c.s.SortFilterflowersDB [JavaFX Application Thread] Get flowers for fresh.
2024-05-26 01:43:23,181 INFO c.n.c.s.SortFilterflowersDB [JavaFX Application Thread] Get flowers for fresh.
2024-05-26 01:43:27,624 INFO c.n.c.s.SortFilterflowersDB [JavaFX Application Thread] Get flowers for fresh.
2024-05-26 01:43:27,625 INFO c.n.c.s.SortFilterflowersDB [JavaFX Application Thread] Get flowers for fresh.
2024-05-26 01:43:27,625 INFO c.n.c.s.SortFilterflowersDB [JavaFX Application Thread] Get flowers for fresh.
2024-05-26 01:43:27,625 INFO c.n.c.s.SortFilterflowersDB [JavaFX Application Thread] Get flowers for fresh.
2024-05-26 01:43:27,625 INFO c.n.c.s.SortFilterflowersDB [JavaFX Application Thread] Get flowers for fresh.
2024-05-26 01:43:27,626 INFO c.n.c.s.SortFilterflowersDB [JavaFX Application Thread] Get flowers for fresh.
2024-05-26 01:43:27,626 INFO c.n.c.s.SortFilterflowersDB [JavaFX Application Thread] Get flowers for fresh.
2024-05-26 01:43:36,259 INFO c.n.c.s.SortFilterflowersDB [JavaFX Application Thread] Get all flowers.
2024-05-26 01:43:36,259 INFO c.n.c.s.SortFilterflowersDB [JavaFX Application Thread] Get all flowers.
2024-05-26 01:43:36,259 INFO c.n.c.s.SortFilterflowersDB [JavaFX Application Thread] Get all flowers.
2024-05-26 01:43:36,260 INFO c.n.c.s.SortFilterflowersDB [JavaFX Application Thread] Get all flowers.
2024-05-26 01:43:36,260 INFO c.n.c.s.SortFilterflowersDB [JavaFX Application Thread] Get all flowers.
2024-05-26 01:43:36,260 INFO c.n.c.s.SortFilterflowersDB [JavaFX Application Thread] Get all flowers.
2024-05-26 01:43:36,260 INFO c.n.c.s.SortFilterflowersDB [JavaFX Application Thread] Get all flowers.
2024-05-26 01:43:40,546 INFO c.n.c.i.flowerDB [JavaFX Application Thread] Delete flower.
2024-05-26 01:43:40,663 INFO c.n.c.i.flowerDB [JavaFX Application Thread] Delete for filtered flower.
2024-05-28 01:54:03,871 ERROR c.n.c.Database [JavaFX Application Thread] Fail connection.No suitable driver found for jdbc:sqlsrver://flowersshops.database.windows.net:1433;database=shopsforflowers_database;user=CloudSAe45a4cda@flowersshops;password=testtest123!;encrypt=true;trustServerCertificate=false;hostNameInCertificate=*.database.windows.net;loginTimeout=30;
2024-05-28 02:15:42,807 INFO c.n.c.Database [JavaFX Application Thread] Success connection to database.
2024-05-28 02:15:42,994 INFO c.n.c.s.SortFilterflowersDB [JavaFX Application Thread] Get all flowers.
2024-05-28 02:15:42,994 INFO c.n.c.s.SortFilterflowersDB [JavaFX Application Thread] Get all flowers.
2024-05-28 02:15:42,994 INFO c.n.c.s.SortFilterflowersDB [JavaFX Application Thread] Get all flowers.
2024-05-28 02:15:42,994 INFO c.n.c.s.SortFilterflowersDB [JavaFX Application Thread] Get all flowers.
2024-05-28 02:15:42,995 INFO c.n.c.s.SortFilterflowersDB [JavaFX Application Thread] Get all flowers.
2024-05-28 02:15:42,995 INFO c.n.c.s.SortFilterflowersDB [JavaFX Application Thread] Get all flowers.
2024-05-28 02:27:05,636 INFO c.n.c.Database [JavaFX Application Thread] Success connection to database.
2024-05-28 02:27:05,667 INFO c.n.c.i.flowerDB [JavaFX Application Thread] Insert flower.
2024-05-28 02:27:05,866 INFO c.n.c.i.flowerDB [JavaFX Application Thread] Insert flower. 1elems.
2024-05-28 15:06:20,022 INFO c.n.c.Bouquet [main] Delete accessories to bouquet.
2024-05-28 15:06:20,068 INFO c.n.c.Bouquet [main] Average length of flowers in bouquet = 15.0
2024-05-28 15:06:20,075 INFO c.n.c.Bouquet [main] Add flowers to bouquet.
2024-05-28 15:06:20,080 INFO c.n.c.Bouquet [main] Delete flowers to bouquet.
2024-05-28 15:06:20,087 INFO c.n.c.Bouquet [main] Add accessories to bouquet.
2024-05-28 15:06:20,096 INFO c.n.c.Bouquet [main] Price bouquet = 37.0
2024-05-28 15:06:20,613 INFO c.n.c.i.AccessoryDB [main] Get by ID accessory.
2024-05-28 15:06:20,640 INFO c.n.c.i.AccessoryDB [main] Insert accessory.
2024-05-28 15:06:20,642 INFO c.n.c.i.AccessoryDB [main] Insert accessory.
2024-05-28 15:06:20,643 INFO c.n.c.i.AccessoryDB [main] Insert accessory.
2024-05-28 15:06:20,645 INFO c.n.c.i.AccessoryDB [main] Insert accessory.
2024-05-28 15:06:20,647 INFO c.n.c.i.AccessoryDB [main] Insert accessory.
2024-05-28 15:06:20,647 INFO c.n.c.i.AccessoryDB [main] Insert accessory. 5elems.
2024-05-28 15:06:20,651 INFO c.n.c.i.AccessoryDB [main] Delete accessory.
2024-05-28 15:06:20,655 INFO c.n.c.i.AccessoryDB [main] Insert accessory.
2024-05-28 15:06:20,693 INFO c.n.c.s.SortFilterAccessoriesDB [main] Get accessory in range 1.0 - 20.0price.
2024-05-28 15:06:20,700 INFO c.n.c.s.SortFilterAccessoriesDB [main] Get accessory current type.
2024-05-28 15:06:20,711 INFO c.n.c.s.SortFilterAccessoriesDB [main] Get all accessory.
2024-05-28 15:06:20,712 INFO c.n.c.s.SortFilterAccessoriesDB [main] Get all accessory.
2024-05-28 15:06:20,752 INFO c.n.c.i.flowerDB [main] Get by ID flower.
2024-05-28 15:06:20,757 INFO c.n.c.i.flowerDB [main] Insert flower.
2024-05-28 15:06:20,758 INFO c.n.c.i.flowerDB [main] Insert flower.
2024-05-28 15:06:20,759 INFO c.n.c.i.flowerDB [main] Insert flower.
2024-05-28 15:06:20,760 INFO c.n.c.i.flowerDB [main] Insert flower.
2024-05-28 15:06:20,761 INFO c.n.c.i.flowerDB [main] Insert flower.
2024-05-28 15:06:20,761 INFO c.n.c.i.flowerDB [main] Insert flower. 5elems.
2024-05-28 15:06:20,764 INFO c.n.c.i.flowerDB [main] Delete flower.
2024-05-28 15:06:20,768 INFO c.n.c.i.flowerDB [main] Insert flower.
2024-05-28 15:06:20,785 INFO c.n.c.s.SortFilterflowersDB [main] Get flowers in range 1.0 - 10.0price.
2024-05-28 15:06:20,794 INFO c.n.c.s.SortFilterflowersDB [main] Get flowers in range 5.0 - 15.0lenght.
2024-05-28 15:06:20,804 INFO c.n.c.s.SortFilterflowersDB [main] Get flowers current type.
2024-05-28 15:06:20,818 INFO c.n.c.s.SortFilterflowersDB [main] Get flowers for fresh.
2024-05-28 15:06:20,830 INFO c.n.c.s.SortFilterflowersDB [main] Get all flowers.
2024-05-28 15:06:20,832 INFO c.n.c.s.SortFilterflowersDB [main] Get all flowers.
2024-05-28 15:22:32,395 INFO c.n.c.Database [JavaFX Application Thread] Success connection to database.
2024-05-28 15:22:32,606 INFO c.n.c.s.SortFilterflowersDB [JavaFX Application Thread] Get all flowers.
2024-05-28 15:22:32,606 INFO c.n.c.s.SortFilterflowersDB [JavaFX Application Thread] Get all flowers.
2024-05-28 15:22:32,606 INFO c.n.c.s.SortFilterflowersDB [JavaFX Application Thread] Get all flowers.
2024-05-28 15:22:32,606 INFO c.n.c.s.SortFilterflowersDB [JavaFX Application Thread] Get all flowers.
2024-05-28 15:22:32,606 INFO c.n.c.s.SortFilterflowersDB [JavaFX Application Thread] Get all flowers.
2024-05-28 15:22:32,606 INFO c.n.c.s.SortFilterflowersDB [JavaFX Application Thread] Get all flowers.
2024-05-28 15:22:32,607 INFO c.n.c.s.SortFilterflowersDB [JavaFX Application Thread] Get all flowers.
2024-05-28 15:22:32,607 INFO c.n.c.s.SortFilterflowersDB [JavaFX Application Thread] Get all flowers.
2024-05-28 15:22:32,607 INFO c.n.c.s.SortFilterflowersDB [JavaFX Application Thread] Get all flowers.
2024-05-28 15:22:32,607 INFO c.n.c.s.SortFilterflowersDB [JavaFX Application Thread] Get all flowers.
2024-05-28 15:22:32,607 INFO c.n.c.s.SortFilterflowersDB [JavaFX Application Thread] Get all flowers.
2024-05-28 15:22:32,607 INFO c.n.c.s.SortFilterflowersDB [JavaFX Application Thread] Get all flowers.
2024-05-28 15:22:32,607 INFO c.n.c.s.SortFilterflowersDB [JavaFX Application Thread] Get all flowers.
2024-05-28 15:22:32,607 INFO c.n.c.s.SortFilterflowersDB [JavaFX Application Thread] Get all flowers.
2024-05-28 15:22:32,608 INFO c.n.c.s.SortFilterflowersDB [JavaFX Application Thread] Get all flowers.
2024-05-28 15:22:32,608 INFO c.n.c.s.SortFilterflowersDB [JavaFX Application Thread] Get all flowers.
2024-05-28 15:22:48,819 INFO c.n.c.Bouquet [main] Delete accessories to bouquet.
2024-05-28 15:22:48,871 INFO c.n.c.Bouquet [main] Average length of flowers in bouquet = 15.0
2024-05-28 15:22:48,878 INFO c.n.c.Bouquet [main] Add flowers to bouquet.
2024-05-28 15:22:48,884 INFO c.n.c.Bouquet [main] Delete flowers to bouquet.
2024-05-28 15:22:48,893 INFO c.n.c.Bouquet [main] Add accessories to bouquet.
2024-05-28 15:22:48,903 INFO c.n.c.Bouquet [main] Price bouquet = 37.0
2024-05-28 15:22:49,548 INFO c.n.c.i.AccessoryDB [main] Get by ID accessory.
2024-05-28 15:22:49,561 INFO c.n.c.i.AccessoryDB [main] Insert accessory.
2024-05-28 15:22:49,565 INFO c.n.c.i.AccessoryDB [main] Insert accessory.
2024-05-28 15:22:49,566 INFO c.n.c.i.AccessoryDB [main] Insert accessory.
2024-05-28 15:22:49,567 INFO c.n.c.i.AccessoryDB [main] Insert accessory.
2024-05-28 15:22:49,568 INFO c.n.c.i.AccessoryDB [main] Insert accessory.
2024-05-28 15:22:49,569 INFO c.n.c.i.AccessoryDB [main] Insert accessory. 5elems.
2024-05-28 15:22:49,573 INFO c.n.c.i.AccessoryDB [main] Delete accessory.
2024-05-28 15:22:49,578 INFO c.n.c.i.AccessoryDB [main] Insert accessory.
2024-05-28 15:22:49,619 INFO c.n.c.s.SortFilterAccessoriesDB [main] Get accessory in range 1.0 - 20.0price.
2024-05-28 15:22:49,626 INFO c.n.c.s.SortFilterAccessoriesDB [main] Get accessory current type.
2024-05-28 15:22:49,637 INFO c.n.c.s.SortFilterAccessoriesDB [main] Get all accessory.
2024-05-28 15:22:49,638 INFO c.n.c.s.SortFilterAccessoriesDB [main] Get all accessory.
2024-05-28 15:22:49,684 INFO c.n.c.i.flowerDB [main] Get by ID flower.
2024-05-28 15:22:49,689 INFO c.n.c.i.flowerDB [main] Insert flower.
2024-05-28 15:22:49,691 INFO c.n.c.i.flowerDB [main] Insert flower.
2024-05-28 15:22:49,692 INFO c.n.c.i.flowerDB [main] Insert flower.
2024-05-28 15:22:49,693 INFO c.n.c.i.flowerDB [main] Insert flower.
2024-05-28 15:22:49,694 INFO c.n.c.i.flowerDB [main] Insert flower.
2024-05-28 15:22:49,694 INFO c.n.c.i.flowerDB [main] Insert flower. 5elems.
2024-05-28 15:22:49,698 INFO c.n.c.i.flowerDB [main] Delete flower.
2024-05-28 15:22:49,702 INFO c.n.c.i.flowerDB [main] Insert flower.
2024-05-28 15:22:49,722 INFO c.n.c.s.SortFilterflowersDB [main] Get flowers in range 1.0 - 10.0price.
2024-05-28 15:22:49,732 INFO c.n.c.s.SortFilterflowersDB [main] Get flowers in range 5.0 - 15.0lenght.
2024-05-28 15:22:49,744 INFO c.n.c.s.SortFilterflowersDB [main] Get flowers current type.
2024-05-28 15:22:49,757 INFO c.n.c.s.SortFilterflowersDB [main] Get flowers for fresh.
2024-05-28 15:22:49,768 INFO c.n.c.s.SortFilterflowersDB [main] Get all flowers.
2024-05-28 15:22:49,770 INFO c.n.c.s.SortFilterflowersDB [main] Get all flowers.
2024-05-28 15:37:41,194 INFO c.n.c.Bouquet [main] Delete accessories to bouquet.
2024-05-28 15:37:41,246 INFO c.n.c.Bouquet [main] Average length of flowers in bouquet = 15.0
2024-05-28 15:37:41,253 INFO c.n.c.Bouquet [main] Add flowers to bouquet.
2024-05-28 15:37:41,256 INFO c.n.c.Bouquet [main] Delete flowers to bouquet.
2024-05-28 15:37:41,265 INFO c.n.c.Bouquet [main] Add accessories to bouquet.
2024-05-28 15:37:41,274 INFO c.n.c.Bouquet [main] Price bouquet = 37.0
2024-05-28 15:37:41,815 INFO c.n.c.i.AccessoryDB [main] Get by ID accessory.
2024-05-28 15:37:41,834 INFO c.n.c.i.AccessoryDB [main] Insert accessory.
2024-05-28 15:37:41,835 INFO c.n.c.i.AccessoryDB [main] Insert accessory.
2024-05-28 15:37:41,835 INFO c.n.c.i.AccessoryDB [main] Insert accessory.
2024-05-28 15:37:41,836 INFO c.n.c.i.AccessoryDB [main] Insert accessory.
2024-05-28 15:37:41,836 INFO c.n.c.i.AccessoryDB [main] Insert accessory.
2024-05-28 15:37:41,837 INFO c.n.c.i.AccessoryDB [main] Insert accessory. 5elems.
2024-05-28 15:37:41,840 INFO c.n.c.i.AccessoryDB [main] Delete accessory.
2024-05-28 15:37:41,844 INFO c.n.c.i.AccessoryDB [main] Insert accessory.
2024-05-28 15:37:41,879 INFO c.n.c.s.SortFilterAccessoriesDB [main] Get accessory in range 1.0 - 20.0price.
2024-05-28 15:37:41,883 INFO c.n.c.s.SortFilterAccessoriesDB [main] Get accessory current type.
2024-05-28 15:37:41,892 INFO c.n.c.s.SortFilterAccessoriesDB [main] Get all accessory.
2024-05-28 15:37:41,892 INFO c.n.c.s.SortFilterAccessoriesDB [main] Get all accessory.
2024-05-28 15:37:41,928 INFO c.n.c.i.flowerDB [main] Get by ID flower.
2024-05-28 15:37:41,932 INFO c.n.c.i.flowerDB [main] Insert flower.
2024-05-28 15:37:41,932 INFO c.n.c.i.flowerDB [main] Insert flower.
2024-05-28 15:37:41,933 INFO c.n.c.i.flowerDB [main] Insert flower.
2024-05-28 15:37:41,934 INFO c.n.c.i.flowerDB [main] Insert flower.
2024-05-28 15:37:41,934 INFO c.n.c.i.flowerDB [main] Insert flower.
2024-05-28 15:37:41,934 INFO c.n.c.i.flowerDB [main] Insert flower. 5elems.
2024-05-28 15:37:41,937 INFO c.n.c.i.flowerDB [main] Delete flower.
2024-05-28 15:37:41,940 INFO c.n.c.i.flowerDB [main] Insert flower.
2024-05-28 15:37:41,954 INFO c.n.c.s.SortFilterflowersDB [main] Get flowers in range 1.0 - 10.0price.
2024-05-28 15:37:41,960 INFO c.n.c.s.SortFilterflowersDB [main] Get flowers in range 5.0 - 15.0lenght.
2024-05-28 15:37:41,965 INFO c.n.c.s.SortFilterflowersDB [main] Get flowers current type.
2024-05-28 15:37:41,974 INFO c.n.c.s.SortFilterflowersDB [main] Get flowers for fresh.
2024-05-28 15:37:41,978 INFO c.n.c.s.SortFilterflowersDB [main] Get all flowers.
2024-05-28 15:37:41,978 INFO c.n.c.s.SortFilterflowersDB [main] Get all flowers.
